============================= test session starts ==============================
platform linux -- Python 3.12.12, pytest-9.0.2, pluggy-1.6.0 -- /home/jules/.pyenv/versions/3.12.12/bin/python
cachedir: .pytest_cache
rootdir: /app/backend
configfile: pyproject.toml
testpaths: tests
plugins: cov-7.0.0, asyncio-1.3.0, anyio-4.12.1, langsmith-0.7.14
asyncio: mode=Mode.AUTO, debug=False, asyncio_default_fixture_loop_scope=None, asyncio_default_test_loop_scope=function
collecting ... collected 1008 items

tests/integration/test_attribute_interaction_gameplay.py::TestAttributeInteractionIntegration::test_interaction_engine_initialized_in_play_resolver PASSED [  0%]
tests/integration/test_attribute_interaction_gameplay.py::TestAttributeInteractionIntegration::test_pass_play_applies_interactions FAILED [  0%]
tests/integration/test_attribute_interaction_gameplay.py::TestAttributeInteractionIntegration::test_interaction_narratives_in_descriptions FAILED [  0%]
tests/integration/test_attribute_interaction_gameplay.py::TestAttributeInteractionIntegration::test_interactions_affect_success_probability FAILED [  0%]
tests/integration/test_attribute_interaction_gameplay.py::TestAttributeInteractionIntegration::test_weather_context_affects_interactions FAILED [  0%]
tests/integration/test_draft_assistant.py::test_suggest_pick_endpoint FAILED [  0%]
tests/integration/test_draft_assistant.py::test_suggest_pick_mcp_integration FAILED [  0%]
tests/integration/test_draft_suggestion_api.py::test_draft_suggest_pick_endpoint FAILED [  0%]
tests/integration/test_draft_suggestion_api.py::test_draft_assistant_roster_gap_analysis FAILED [  0%]
tests/integration/test_draft_suggestion_api.py::test_draft_value_score_calculation FAILED [  0%]
tests/integration/test_draft_suggestion_api.py::test_draft_assistant_error_handling FAILED [  1%]
tests/integration/test_draft_suggestion_api.py::test_alternative_picks_quality FAILED [  1%]
tests/integration/test_enhanced_chemistry.py::test_calculate_chemistry_level PASSED [  1%]
tests/integration/test_enhanced_chemistry.py::test_get_team_chemistry_metadata_optimized_no_history PASSED [  1%]
tests/integration/test_enhanced_chemistry.py::test_get_team_chemistry_metadata_optimized_with_history PASSED [  1%]
tests/integration/test_enhanced_chemistry.py::test_get_team_chemistry_metadata_optimized_broken_streak PASSED [  1%]
tests/integration/test_environmental_effects_integration.py::TestEnvironmentalEffects::test_snow_reduces_passing_accuracy PASSED [  1%]
tests/integration/test_environmental_effects_integration.py::TestEnvironmentalEffects::test_rain_reduces_passing_accuracy FAILED [  1%]
tests/integration/test_environmental_effects_integration.py::TestEnvironmentalEffects::test_high_wind_affects_passing FAILED [  1%]
tests/integration/test_environmental_effects_integration.py::TestEnvironmentalEffects::test_wet_field_increases_fumbles PASSED [  1%]
tests/integration/test_environmental_effects_integration.py::TestEnvironmentalEffects::test_muddy_field_increases_fumbles_more FAILED [  2%]
tests/integration/test_environmental_effects_integration.py::TestEnvironmentalEffects::test_extreme_cold_increases_fumbles PASSED [  2%]
tests/integration/test_environmental_effects_integration.py::TestEnvironmentalEffects::test_heat_increases_fatigue PASSED [  2%]
tests/integration/test_environmental_effects_integration.py::TestEnvironmentalEffects::test_high_humidity_increases_fatigue PASSED [  2%]
tests/integration/test_environmental_effects_integration.py::TestEnvironmentalEffects::test_wind_affects_kicking_more_than_passing PASSED [  2%]
tests/integration/test_environmental_effects_integration.py::TestEnvironmentalEffects::test_weather_integration_in_pass_play FAILED [  2%]
tests/integration/test_environmental_effects_integration.py::TestEnvironmentalEffects::test_weather_integration_in_run_play FAILED [  2%]
tests/integration/test_environmental_effects_integration.py::TestEnvironmentalEffects::test_all_weather_types_documented PASSED [  2%]
tests/integration/test_injury_frequency_integration.py::TestInjuryFrequencyIntegration::test_100_game_injury_frequency PASSED [  2%]
tests/integration/test_injury_frequency_integration.py::TestInjuryFrequencyIntegration::test_position_injury_distribution PASSED [  2%]
tests/integration/test_injury_frequency_integration.py::TestInjuryFrequencyIntegration::test_qb_knockdown_vs_sack_multiplier PASSED [  3%]
tests/integration/test_mcp_health.py::test_mcp_server_health FAILED      [  3%]
tests/integration/test_ol_chemistry_integration.py::test_ol_chemistry_bonus_after_5_games FAILED [  3%]
tests/integration/test_ol_chemistry_integration.py::test_chemistry_resets_when_lineup_changes FAILED [  3%]
tests/integration/test_ol_chemistry_integration.py::test_no_chemistry_with_less_than_5_games FAILED [  3%]
tests/integration/test_orchestrator_cortex.py::test_orchestrator_uses_cortex PASSED [  3%]
tests/integration/test_orchestrator_cortex.py::test_orchestrator_cortex_punt PASSED [  3%]
tests/integration/test_orchestrator_integration.py::test_orchestrator_integration_flow FAILED [  3%]
tests/integration/test_orchestrator_match_context.py::test_full_game_simulation_with_fatigue_mocked FAILED [  3%]
tests/integration/test_player_decomposition.py::test_player_decomposition_integration FAILED [  3%]
tests/integration/test_qb_pocket_presence_integration.py::test_qb_pocket_presence_reduces_sacks FAILED [  4%]
tests/integration/test_qb_pocket_presence_integration.py::test_pancake_ignores_pocket_presence PASSED [  4%]
tests/integration/test_qb_read_integration.py::TestQBReadIntegration::test_no_ability_no_read PASSED [  4%]
tests/integration/test_qb_read_integration.py::TestQBReadIntegration::test_diagnostician_generates_read PASSED [  4%]
tests/integration/test_qb_read_integration.py::TestQBReadIntegration::test_high_awareness_vs_low_disguise PASSED [  4%]
tests/integration/test_qb_read_integration.py::TestQBReadIntegration::test_wrong_read_penalty PASSED [  4%]
tests/integration/test_queries.py::test_get_league_leaders PASSED        [  4%]
tests/integration/test_trade_evaluation.py::test_evaluate_trade_endpoint FAILED [  4%]
tests/integration/test_trade_evaluation.py::test_evaluate_trade_invalid_team PASSED [  4%]
tests/integration/test_trade_evaluation.py::test_evaluate_trade_mcp_integration FAILED [  4%]
tests/integration/test_trait_gameplay.py::test_field_general_team_boost PASSED [  5%]
tests/integration/test_trait_gameplay.py::test_possession_receiver_bonus FAILED [  5%]
tests/integration/test_trait_gameplay.py::test_green_dot_defensive_boost PASSED [  5%]
tests/integration/test_trait_gameplay.py::test_multiple_traits_on_player FAILED [  5%]
tests/integration/test_trait_gameplay.py::test_traits_not_active_without_trigger PASSED [  5%]
tests/integration/test_trait_gameplay_integration.py::TestTraitGameplayIntegration::test_field_general_boosts_offense PASSED [  5%]
tests/integration/test_trait_gameplay_integration.py::TestTraitGameplayIntegration::test_green_dot_boosts_defense PASSED [  5%]
tests/integration/test_trait_gameplay_integration.py::TestTraitGameplayIntegration::test_possession_receiver_contested_catch_bonus FAILED [  5%]
tests/integration/test_trait_gameplay_integration.py::TestTraitGameplayIntegration::test_trait_catalog_completeness FAILED [  5%]
tests/integration/test_trait_gameplay_integration.py::TestTraitGameplayIntegration::test_multiple_traits_stack PASSED [  5%]
tests/integration/test_trait_gameplay_integration.py::TestTraitGameplayIntegration::test_trait_effects_persist_through_game PASSED [  6%]
tests/integration/test_traits.py::test_create_and_assign_trait FAILED    [  6%]
tests/mcp/test_mcp_integration.py::test_nfl_stats_integration PASSED     [  6%]
tests/mcp/test_mcp_integration.py::test_concurrent_requests PASSED       [  6%]
tests/mcp/test_mcp_integration.py::test_error_handling PASSED            [  6%]
tests/mcp/test_nfl_stats_server.py::test_get_player_career_stats PASSED  [  6%]
tests/mcp/test_nfl_stats_server.py::test_get_league_averages PASSED      [  6%]
tests/mcp/test_nfl_stats_server.py::test_get_team_historical_performance PASSED [  6%]
tests/mcp/test_sports_news_server.py::test_get_player_news PASSED        [  6%]
tests/mcp/test_sports_news_server.py::test_get_team_news PASSED          [  6%]
tests/mcp/test_sports_news_server.py::test_get_injury_reports PASSED     [  7%]
tests/mcp/test_weather_server.py::test_get_game_weather_lambeau_winter PASSED [  7%]
tests/mcp/test_weather_server.py::test_get_game_weather_miami PASSED     [  7%]
tests/mcp/test_weather_server.py::test_get_game_weather_default PASSED   [  7%]
tests/mcp/test_weather_server.py::test_get_historical_conditions PASSED  [  7%]
tests/test_60hz_physics.py::TestConstants::test_frames_per_second PASSED [  7%]
tests/test_60hz_physics.py::TestConstants::test_max_play_duration PASSED [  7%]
tests/test_60hz_physics.py::TestConstants::test_delta_t_calculation PASSED [  7%]
tests/test_60hz_physics.py::TestConstants::test_max_frames_calculation PASSED [  7%]
tests/test_60hz_physics.py::TestVector2D::test_addition PASSED           [  7%]
tests/test_60hz_physics.py::TestVector2D::test_subtraction PASSED        [  8%]
tests/test_60hz_physics.py::TestVector2D::test_scalar_multiplication PASSED [  8%]
tests/test_60hz_physics.py::TestVector2D::test_magnitude PASSED          [  8%]
tests/test_60hz_physics.py::TestVector2D::test_normalized PASSED         [  8%]
tests/test_60hz_physics.py::TestVector2D::test_normalized_zero_vector PASSED [  8%]
tests/test_60hz_physics.py::TestVector2D::test_distance_to PASSED        [  8%]
tests/test_60hz_physics.py::TestEngineInitialization::test_initialize_play_creates_players PASSED [  8%]
tests/test_60hz_physics.py::TestEngineInitialization::test_initialize_play_positions_ball PASSED [  8%]
tests/test_60hz_physics.py::TestEngineInitialization::test_initialize_play_sets_line_of_scrimmage PASSED [  8%]
tests/test_60hz_physics.py::TestEngineInitialization::test_player_max_speed_calculation PASSED [  8%]
tests/test_60hz_physics.py::TestPhysicsUpdate::test_update_moves_player_towards_target PASSED [  9%]
tests/test_60hz_physics.py::TestPhysicsUpdate::test_update_respects_max_speed PASSED [  9%]
tests/test_60hz_physics.py::TestPhysicsUpdate::test_tackled_player_stops PASSED [  9%]
tests/test_60hz_physics.py::TestPhysicsUpdate::test_ball_follows_carrier PASSED [  9%]
tests/test_60hz_physics.py::TestCollisionDetection::test_no_collision_when_far_apart PASSED [  9%]
tests/test_60hz_physics.py::TestCollisionDetection::test_collision_when_close PASSED [  9%]
tests/test_60hz_physics.py::TestCollisionDetection::test_tackle_collision_type PASSED [  9%]
tests/test_60hz_physics.py::TestPlayTermination::test_not_over_at_start PASSED [  9%]
tests/test_60hz_physics.py::TestPlayTermination::test_touchdown_ends_play PASSED [  9%]
tests/test_60hz_physics.py::TestPlayTermination::test_out_of_bounds_ends_play PASSED [  9%]
tests/test_60hz_physics.py::TestResultGeneration::test_result_contains_frames PASSED [ 10%]
tests/test_60hz_physics.py::TestResultGeneration::test_result_contains_checksum PASSED [ 10%]
tests/test_60hz_physics.py::TestChecksum::test_checksum_is_deterministic PASSED [ 10%]
tests/test_60hz_physics.py::TestChecksum::test_checksum_changes_with_different_positions PASSED [ 10%]
tests/test_60hz_physics.py::TestIntegration::test_execute_play_returns_result PASSED [ 10%]
tests/test_60hz_physics.py::TestIntegration::test_execute_play_respects_max_frames PASSED [ 10%]
tests/test_60hz_physics.py::TestIntegration::test_yards_gained_calculation PASSED [ 10%]
tests/test_advanced_simulation_features.py::test_advanced_coach_personality_system FAILED [ 10%]
tests/test_advanced_simulation_features.py::test_situational_awareness_with_environmental_factors FAILED [ 10%]
tests/test_advanced_simulation_features.py::test_advanced_fatigue_system PASSED [ 10%]
tests/test_advanced_simulation_features.py::test_advanced_play_resolution_with_statistical_realism FAILED [ 11%]
tests/test_advanced_simulation_features.py::test_multi_season_progression_system FAILED [ 11%]
tests/test_advanced_simulation_features.py::test_social_interaction_features FAILED [ 11%]
tests/test_advanced_simulation_features.py::test_broadcast_quality_presentation FAILED [ 11%]
tests/test_advanced_simulation_features.py::test_adaptive_challenge_system FAILED [ 11%]
tests/test_advanced_simulation_features.py::test_legacy_achievement_system FAILED [ 11%]
tests/test_api_endpoints.py::test_initialize_season FAILED               [ 11%]
tests/test_api_endpoints.py::test_get_current_season PASSED              [ 11%]
tests/test_api_endpoints.py::test_get_season_not_found PASSED            [ 11%]
tests/test_archetype_effects.py::TestArchetypeClassification::test_field_general_classification PASSED [ 11%]
tests/test_archetype_effects.py::TestArchetypeClassification::test_field_general_requires_position PASSED [ 12%]
tests/test_archetype_effects.py::TestArchetypeClassification::test_speed_merchant_classification PASSED [ 12%]
tests/test_archetype_effects.py::TestArchetypeClassification::test_trench_warlord_classification PASSED [ 12%]
tests/test_archetype_effects.py::TestArchetypeClassification::test_standard_fallback PASSED [ 12%]
tests/test_archetype_effects.py::TestArchetypeEffects::test_field_general_3rd_down_boost PASSED [ 12%]
tests/test_archetype_effects.py::TestArchetypeEffects::test_field_general_no_boost_on_other_downs PASSED [ 12%]
tests/test_archetype_effects.py::TestArchetypeEffects::test_speed_merchant_breakaway_boost PASSED [ 12%]
tests/test_archetype_effects.py::TestArchetypeEffects::test_effects_contain_narrative PASSED [ 12%]
tests/test_benchmarks.py::TestPlayResolutionBenchmarks::test_pass_play_resolution ERROR [ 12%]
tests/test_benchmarks.py::TestPlayResolutionBenchmarks::test_run_play_resolution ERROR [ 12%]
tests/test_benchmarks.py::TestProbabilityEngineBenchmarks::test_attribute_comparison ERROR [ 12%]
tests/test_benchmarks.py::TestProbabilityEngineBenchmarks::test_tiered_outcome_resolution ERROR [ 13%]
tests/test_benchmarks.py::TestPlayCallerBenchmarks::test_play_selection ERROR [ 13%]
tests/test_benchmarks.py::TestSeasonSimulationBenchmarks::test_single_game_simulation ERROR [ 13%]
tests/test_benchmarks.py::test_performance_thresholds PASSED             [ 13%]
tests/test_combine_genesis.py::TestCombineResultsModernization::test_combine_results_no_bench_reps PASSED [ 13%]
tests/test_combine_genesis.py::TestCombineResultsModernization::test_combine_results_has_power_clean PASSED [ 13%]
tests/test_combine_genesis.py::TestCombineResultsModernization::test_combine_results_has_gps_speed PASSED [ 13%]
tests/test_combine_genesis.py::TestCombineResultsModernization::test_combine_results_has_position_agility PASSED [ 13%]
tests/test_combine_genesis.py::TestCombineResultsModernization::test_combine_results_has_medical_flags PASSED [ 13%]
tests/test_combine_genesis.py::TestCombineSimulationModern::test_run_combine_generates_modern_metrics PASSED [ 13%]
tests/test_combine_genesis.py::TestCombineSimulationModern::test_run_combine_speed_rating_affects_gps PASSED [ 14%]
tests/test_combine_genesis.py::TestCombineSimulationModern::test_run_combine_strength_affects_power_clean PASSED [ 14%]
tests/test_combine_genesis.py::TestGenesisRevealData::test_genesis_reveal_data_from_profile PASSED [ 14%]
tests/test_combine_genesis.py::TestGenesisRevealData::test_genesis_reveal_hides_s2_when_requested PASSED [ 14%]
tests/test_combine_genesis.py::TestCombineSimulationGenesisIntegration::test_reveal_genesis_data_returns_data PASSED [ 14%]
tests/test_combine_genesis.py::TestCombineSimulationGenesisIntegration::test_reveal_genesis_data_includes_s2 PASSED [ 14%]
tests/test_combine_genesis.py::TestCombineSimulationGenesisIntegration::test_reveal_genesis_data_caches_profile PASSED [ 14%]
tests/test_combine_genesis.py::TestCombineSimulationGenesisIntegration::test_reveal_uses_provided_profile PASSED [ 14%]
tests/test_combine_genesis.py::TestMedicalFlagsScreening::test_elevated_body_fat_flag PASSED [ 14%]
tests/test_combine_genesis.py::TestMedicalFlagsScreening::test_low_body_fat_flag PASSED [ 14%]
tests/test_combine_genesis.py::TestMedicalFlagsScreening::test_cardiovascular_flags PASSED [ 15%]
tests/test_combine_genesis.py::TestMedicalFlagsScreening::test_heat_sensitivity_flag PASSED [ 15%]
tests/test_combine_genesis.py::TestMedicalFlagsScreening::test_cognitive_flags PASSED [ 15%]
tests/test_combine_genesis.py::TestMedicalFlagsScreening::test_healthy_profile_no_flags PASSED [ 15%]
tests/test_comprehensive_feature_expansion.py::TestAdvancedRosterManagement::test_player_development_system FAILED [ 15%]
tests/test_comprehensive_feature_expansion.py::TestAdvancedRosterManagement::test_scouting_and_draft_system FAILED [ 15%]
tests/test_comprehensive_feature_expansion.py::TestRealisticPlayByPlay::test_advanced_play_calling_ai FAILED [ 15%]
tests/test_comprehensive_feature_expansion.py::TestRealisticPlayByPlay::test_dynamic_game_planning FAILED [ 15%]
tests/test_comprehensive_feature_expansion.py::TestLiveEnvironmentalEffects::test_advanced_weather_system FAILED [ 15%]
tests/test_comprehensive_feature_expansion.py::TestLiveEnvironmentalEffects::test_crowd_momentum_system FAILED [ 15%]
tests/test_comprehensive_feature_expansion.py::TestStatisticalRealism::test_historical_context_engine FAILED [ 16%]
tests/test_comprehensive_feature_expansion.py::TestStatisticalRealism::test_advanced_analytics_system FAILED [ 16%]
tests/test_comprehensive_feature_expansion.py::TestFranchiseLongevity::test_multi_season_progression FAILED [ 16%]
tests/test_comprehensive_feature_expansion.py::TestFranchiseLongevity::test_contract_management_system FAILED [ 16%]
tests/test_comprehensive_feature_expansion.py::TestSocialInteraction::test_media_narrative_system FAILED [ 16%]
tests/test_comprehensive_feature_expansion.py::TestSocialInteraction::test_fan_engagement_system FAILED [ 16%]
tests/test_comprehensive_feature_expansion.py::TestImmersivePresentation::test_broadcast_visualization_system FAILED [ 16%]
tests/test_comprehensive_feature_expansion.py::TestImmersivePresentation::test_interactive_storytelling_engine FAILED [ 16%]
tests/test_comprehensive_feature_expansion.py::TestCompleteSystemIntegration::test_full_feature_integration FAILED [ 16%]
tests/test_coordinator_multiplier.py::TestCoordinatorMultiplier::test_neutral_at_75 PASSED [ 16%]
tests/test_coordinator_multiplier.py::TestCoordinatorMultiplier::test_boost_at_95 PASSED [ 17%]
tests/test_coordinator_multiplier.py::TestCoordinatorMultiplier::test_penalty_at_55 PASSED [ 17%]
tests/test_coordinator_multiplier.py::TestCoordinatorMultiplier::test_max_boost_at_100 PASSED [ 17%]
tests/test_coordinator_multiplier.py::TestCoordinatorMultiplier::test_min_boost_at_0 PASSED [ 17%]
tests/test_coordinator_multiplier.py::TestApplyToProbability::test_boost_applied_to_probability PASSED [ 17%]
tests/test_coordinator_multiplier.py::TestApplyToProbability::test_probability_clamped_to_1 PASSED [ 17%]
tests/test_coordinator_multiplier.py::TestApplyToProbability::test_probability_clamped_to_0 PASSED [ 17%]
tests/test_coordinator_multiplier.py::TestCortexKernelIntegration::test_kernel_has_multiplier PASSED [ 17%]
tests/test_coordinator_multiplier.py::TestCortexKernelIntegration::test_get_coordinator_boost PASSED [ 17%]
tests/test_coordinator_multiplier.py::TestCortexKernelIntegration::test_call_play_uses_intelligence PASSED [ 17%]
tests/test_core_omniscient.py::test_core_omniscient PASSED               [ 18%]
tests/test_cortex_integration.py::test_cortex_4th_down_logic PASSED      [ 18%]
tests/test_cortex_integration.py::test_cortex_hail_mary PASSED           [ 18%]
tests/test_cortex_integration.py::test_cortex_3rd_and_long PASSED        [ 18%]
tests/test_depth_chart.py::test_organize_roster PASSED                   [ 18%]
tests/test_depth_chart.py::test_get_starting_offense PASSED              [ 18%]
tests/test_depth_chart.py::test_get_starting_defense PASSED              [ 18%]
tests/test_depth_chart.py::test_injury_handling PASSED                   [ 18%]
tests/test_depth_chart.py::test_get_special_teams FAILED                 [ 18%]
tests/test_draft_api.py::test_suggest_draft_pick_success FAILED          [ 18%]
tests/test_draft_api.py::test_suggest_draft_pick_invalid_team PASSED     [ 19%]
tests/test_draft_api.py::test_suggest_draft_pick_no_players FAILED       [ 19%]
tests/test_draft_assistant.py::test_suggest_pick_no_players FAILED       [ 19%]
tests/test_draft_assistant.py::test_suggest_pick_success FAILED          [ 19%]
tests/test_draft_assistant.py::test_suggest_pick_with_mcp FAILED         [ 19%]
tests/test_draft_logic.py::test_draft_logic_needs FAILED                 [ 19%]
tests/test_draft_logic.py::test_draft_logic_bpa FAILED                   [ 19%]
tests/test_elo_service.py::TestEloService::test_calculate_expected_outcome_equal_ratings PASSED [ 19%]
tests/test_elo_service.py::TestEloService::test_calculate_expected_outcome_higher_rated_favored PASSED [ 19%]
tests/test_elo_service.py::TestEloService::test_calculate_expected_outcome_lower_rated_underdog PASSED [ 19%]
tests/test_elo_service.py::TestEloService::test_calculate_expected_outcome_large_difference PASSED [ 20%]
tests/test_elo_service.py::TestEloService::test_update_ratings_winner_gains_loser_loses PASSED [ 20%]
tests/test_elo_service.py::TestEloService::test_update_ratings_upset_gives_more_points PASSED [ 20%]
tests/test_elo_service.py::TestEloService::test_update_ratings_tie_moves_toward_equal PASSED [ 20%]
tests/test_elo_service.py::TestEloService::test_update_ratings_blowout_multiplier PASSED [ 20%]
tests/test_elo_service.py::TestEloService::test_get_win_probability_home_advantage PASSED [ 20%]
tests/test_elo_service.py::TestEloService::test_margin_of_victory_multiplier_bounds PASSED [ 20%]
tests/test_elo_service.py::TestEloService::test_ratings_are_rounded PASSED [ 20%]
tests/test_empire_omniscient.py::test_empire_omniscient PASSED           [ 20%]
tests/test_engines.py::test_ball_physics PASSED                          [ 20%]
tests/test_engines.py::test_blocking FAILED                              [ 21%]
tests/test_engines.py::test_pass_rush PASSED                             [ 21%]
tests/test_engines.py::test_special_teams FAILED                         [ 21%]
tests/test_engines.py::test_rpg PASSED                                   [ 21%]
tests/test_error_handling.py::test_404_error_format PASSED               [ 21%]
tests/test_error_handling.py::test_value_error_handling PASSED           [ 21%]
tests/test_error_handling.py::test_operational_error_handling PASSED     [ 21%]
tests/test_expanded_data.py::test_expanded_data PASSED                   [ 21%]
tests/test_expanded_stats.py::TestPositionType::test_position_type_values PASSED [ 21%]
tests/test_expanded_stats.py::TestPositionType::test_position_type_enum_access PASSED [ 21%]
tests/test_expanded_stats.py::TestPlayerStat::test_player_stat_creation PASSED [ 22%]
tests/test_expanded_stats.py::TestPlayerStat::test_player_stat_default_values PASSED [ 22%]
tests/test_expanded_stats.py::TestPlayerStat::test_player_stat_validation PASSED [ 22%]
tests/test_expanded_stats.py::TestQuarterbackStat::test_qb_stat_creation PASSED [ 22%]
tests/test_expanded_stats.py::TestQuarterbackStat::test_qb_stat_default_calculated_fields PASSED [ 22%]
tests/test_expanded_stats.py::TestQuarterbackStat::test_qb_stat_validation FAILED [ 22%]
tests/test_expanded_stats.py::TestRunningBackStat::test_rb_stat_creation PASSED [ 22%]
tests/test_expanded_stats.py::TestRunningBackStat::test_rb_stat_validation FAILED [ 22%]
tests/test_expanded_stats.py::TestWideReceiverStat::test_wr_stat_creation PASSED [ 22%]
tests/test_expanded_stats.py::TestTeamStats::test_team_stat_creation PASSED [ 22%]
tests/test_expanded_stats.py::TestLeagueLeaders::test_league_leaders_creation FAILED [ 23%]
tests/test_expanded_stats.py::TestDataValidation::test_negative_stat_values PASSED [ 23%]
tests/test_expanded_stats.py::TestDataValidation::test_zero_values PASSED [ 23%]
tests/test_expanded_stats.py::TestModelInheritance::test_player_stat_inheritance PASSED [ 23%]
tests/test_expanded_stats.py::TestModelInheritance::test_polymorphic_behavior PASSED [ 23%]
tests/test_expanded_stats.py::TestEdgeCases::test_maximum_values PASSED  [ 23%]
tests/test_expanded_stats.py::TestEdgeCases::test_minimum_values PASSED  [ 23%]
tests/test_genesis_fatigue.py::test_genesis_fatigue_system PASSED        [ 23%]
tests/test_genesis_fatigue.py::test_genesis_temperature_effects PASSED   [ 23%]
tests/test_genesis_omniscient.py::test_genesis_omniscient PASSED         [ 23%]
tests/test_gm_agent.py::test_evaluate_trade_accept PASSED                [ 24%]
tests/test_gm_agent.py::test_evaluate_trade_reject_financial PASSED      [ 24%]
tests/test_gm_agent.py::test_negotiate_contract PASSED                   [ 24%]
tests/test_gm_agent.py::test_generate_trade_proposal PASSED              [ 24%]
tests/test_hive_omniscient.py::test_hive_omniscient PASSED               [ 24%]
tests/test_issue_logging.py::TestFormatIssueEntry::test_basic_formatting PASSED [ 24%]
tests/test_issue_logging.py::TestFormatIssueEntry::test_no_page_context PASSED [ 24%]
tests/test_issue_logging.py::TestIssueLoggerService::test_log_issue_creates_file PASSED [ 24%]
tests/test_issue_logging.py::TestIssueLoggerService::test_log_issue_appends PASSED [ 24%]
tests/test_issue_logging.py::TestIssueLoggerService::test_file_header_created PASSED [ 24%]
tests/test_issue_logging.py::TestIssueLoggerAsync::test_log_issue_async PASSED [ 25%]
tests/test_kernels.py::test_kernels PASSED                               [ 25%]
tests/test_match_context_integration.py::test_match_context_integration FAILED [ 25%]
tests/test_match_context_unit.py::test_match_context_initialization FAILED [ 25%]
tests/test_match_context_unit.py::test_get_fielded_players FAILED        [ 25%]
tests/test_match_context_unit.py::test_load_roster_error FAILED          [ 25%]
tests/test_mcp_client.py::test_mcp_client_init PASSED                    [ 25%]
tests/test_mcp_client.py::test_connect_invalid_transport PASSED          [ 25%]
tests/test_mcp_client.py::test_connect_stdio_missing_command PASSED      [ 25%]
tests/test_mcp_client.py::test_connect_sse_missing_url PASSED            [ 25%]
tests/test_models.py::test_create_team PASSED                            [ 25%]
tests/test_models.py::test_create_player FAILED                          [ 26%]
tests/test_models.py::test_create_season PASSED                          [ 26%]
tests/test_models.py::test_create_game PASSED                            [ 26%]
tests/test_momentum_integration.py::TestMomentumEngineUnit::test_initial_state_is_neutral PASSED [ 26%]
tests/test_momentum_integration.py::TestMomentumEngineUnit::test_touchdown_increases_momentum PASSED [ 26%]
tests/test_momentum_integration.py::TestMomentumEngineUnit::test_turnover_decreases_momentum PASSED [ 26%]
tests/test_momentum_integration.py::TestMomentumEngineUnit::test_sack_decreases_momentum PASSED [ 26%]
tests/test_momentum_integration.py::TestMomentumEngineUnit::test_big_play_increases_momentum PASSED [ 26%]
tests/test_momentum_integration.py::TestMomentumEngineUnit::test_third_down_stop_increases_defense_momentum PASSED [ 26%]
tests/test_momentum_integration.py::TestMomentumEngineUnit::test_performance_modifier_neutral PASSED [ 26%]
tests/test_momentum_integration.py::TestMomentumEngineUnit::test_performance_modifier_high_momentum PASSED [ 27%]
tests/test_momentum_integration.py::TestMomentumEngineUnit::test_performance_modifier_low_momentum PASSED [ 27%]
tests/test_momentum_integration.py::TestMomentumEngineUnit::test_state_transitions_to_on_fire PASSED [ 27%]
tests/test_momentum_integration.py::TestMomentumEngineUnit::test_state_transitions_to_ice_cold PASSED [ 27%]
tests/test_momentum_integration.py::TestMomentumOrchestatorIntegration::test_orchestrator_has_momentum_engine PASSED [ 27%]
tests/test_momentum_integration.py::TestMomentumOrchestatorIntegration::test_play_resolver_has_momentum_engine_attribute PASSED [ 27%]
tests/test_momentum_integration.py::TestMomentumPlayResolverIntegration::test_pass_play_uses_momentum_modifier PASSED [ 27%]
tests/test_momentum_integration.py::TestMomentumPlayResolverIntegration::test_run_play_uses_momentum_modifier PASSED [ 27%]
tests/test_momentum_integration.py::TestMomentumEventSequences::test_scoring_drive_builds_momentum PASSED [ 27%]
tests/test_momentum_integration.py::TestMomentumEventSequences::test_defensive_stand_shifts_momentum PASSED [ 27%]
tests/test_momentum_integration.py::TestMomentumEventSequences::test_turnover_devastates_momentum PASSED [ 28%]
tests/test_new_modules.py::test_new_modules PASSED                       [ 28%]
tests/test_nfl_reference_data.py::test_salary_cap_completeness PASSED    [ 28%]
tests/test_nfl_reference_data.py::test_salary_cap_cagr PASSED            [ 28%]
tests/test_nfl_reference_data.py::test_salary_cap_engine_historical PASSED [ 28%]
tests/test_nfl_reference_data.py::test_special_plays_data PASSED         [ 28%]
tests/test_nfl_reference_data.py::test_coaching_ai_4th_down_analytics PASSED [ 28%]
tests/test_nfl_reference_data.py::test_coaching_ai_4th_down_optimal_zone PASSED [ 28%]
tests/test_offseason_endpoints.py::test_get_team_salary_cap_endpoint PASSED [ 28%]
tests/test_offseason_service.py::test_process_contract_expirations_releases_expired_players PASSED [ 28%]
tests/test_offseason_service.py::test_process_contract_expirations_keeps_multi_year_contracts PASSED [ 29%]
tests/test_offseason_service.py::test_generate_draft_order_creates_correct_number_of_picks PASSED [ 29%]
tests/test_offseason_service.py::test_generate_draft_order_worst_team_picks_first PASSED [ 29%]
tests/test_offseason_service.py::test_rookie_generator_creates_correct_count PASSED [ 29%]
tests/test_offseason_service.py::test_rookie_generator_creates_players_with_correct_attributes PASSED [ 29%]
tests/test_offseason_service.py::test_simulate_draft_fills_all_picks FAILED [ 29%]
tests/test_offseason_service.py::test_simulate_draft_respects_team_needs FAILED [ 29%]
tests/test_offseason_service.py::test_simulate_free_agency_fills_rosters_to_53 PASSED [ 29%]
tests/test_offseason_service.py::test_simulate_free_agency_signs_best_available_players PASSED [ 29%]
tests/test_offseason_service.py::test_start_offseason_executes_all_steps FAILED [ 29%]
tests/test_phase10_stadium.py::TestStadiumEngine::test_noise_level_critical PASSED [ 30%]
tests/test_phase10_stadium.py::TestStadiumEngine::test_altitude_effect PASSED [ 30%]
tests/test_phase10_stadium.py::TestStadiumEngine::test_crowd_energy_update PASSED [ 30%]
tests/test_phase10_stadium.py::TestCrowdEngine::test_positive_event_mood PASSED [ 30%]
tests/test_phase10_stadium.py::TestCrowdEngine::test_negative_streak_boo PASSED [ 30%]
tests/test_phase10_stadium.py::TestCrowdEngine::test_noise_modifier PASSED [ 30%]
tests/test_phase11_validation.py::TestValidationEngine::test_validate_stat_pass PASSED [ 30%]
tests/test_phase11_validation.py::TestValidationEngine::test_validate_stat_fail PASSED [ 30%]
tests/test_phase11_validation.py::TestValidationEngine::test_validate_season PASSED [ 30%]
tests/test_phase11_validation.py::TestValidationEngine::test_calibration_report PASSED [ 30%]
tests/test_phase11_validation.py::TestSimulationCalibrator::test_add_target PASSED [ 31%]
tests/test_phase11_validation.py::TestSimulationCalibrator::test_calculate_adjustment PASSED [ 31%]
tests/test_phase11_validation.py::TestSimulationCalibrator::test_run_calibration_converges PASSED [ 31%]
tests/test_phase11_validation.py::TestSimulationCalibrator::test_get_tuned_parameters PASSED [ 31%]
tests/test_phase12_database.py::TestMigrationManager::test_register_migration PASSED [ 31%]
tests/test_phase12_database.py::TestMigrationManager::test_apply_migration PASSED [ 31%]
tests/test_phase12_database.py::TestMigrationManager::test_apply_all_pending PASSED [ 31%]
tests/test_phase12_database.py::TestMigrationManager::test_get_status PASSED [ 31%]
tests/test_phase12_database.py::TestQueryCache::test_set_and_get PASSED  [ 31%]
tests/test_phase12_database.py::TestQueryCache::test_cache_miss PASSED   [ 31%]
tests/test_phase12_database.py::TestQueryCache::test_cache_expiry PASSED [ 32%]
tests/test_phase12_database.py::TestQueryCache::test_cache_stats PASSED  [ 32%]
tests/test_phase12_database.py::TestQueryOptimizer::test_record_query PASSED [ 32%]
tests/test_phase12_database.py::TestQueryOptimizer::test_get_slow_queries PASSED [ 32%]
tests/test_phase1_cortex.py::TestTickConfig::test_default_config PASSED  [ 32%]
tests/test_phase1_cortex.py::TestTickConfig::test_tick_duration PASSED   [ 32%]
tests/test_phase1_cortex.py::TestGameClock::test_initial_state PASSED    [ 32%]
tests/test_phase1_cortex.py::TestGameClock::test_tick_advances_clock PASSED [ 32%]
tests/test_phase1_cortex.py::TestGameClock::test_tick_stopped_clock PASSED [ 32%]
tests/test_phase1_cortex.py::TestTickEngine::test_initial_state PASSED   [ 32%]
tests/test_phase1_cortex.py::TestTickEngine::test_step_advances_tick PASSED [ 33%]
tests/test_phase1_cortex.py::TestTickEngine::test_step_returns_frame_state PASSED [ 33%]
tests/test_phase1_cortex.py::TestTickEngine::test_snap_ball PASSED       [ 33%]
tests/test_phase1_cortex.py::TestTickEngine::test_end_play PASSED        [ 33%]
tests/test_phase1_cortex.py::TestTickEngine::test_run_play_limited_ticks PASSED [ 33%]
tests/test_phase1_cortex.py::TestTickEngine::test_frame_history PASSED   [ 33%]
tests/test_phase1_cortex.py::TestTickEngine::test_reset PASSED           [ 33%]
tests/test_phase1_cortex.py::TestDeterministicRNG::test_deterministic_sequence PASSED [ 33%]
tests/test_phase1_cortex.py::TestDeterministicRNG::test_different_seeds_different_sequence PASSED [ 33%]
tests/test_phase1_cortex.py::TestDeterministicRNG::test_next_int_range PASSED [ 33%]
tests/test_phase1_cortex.py::TestDeterministicRNG::test_next_float_range PASSED [ 34%]
tests/test_phase1_cortex.py::TestDeterministicRNG::test_next_bool_probability PASSED [ 34%]
tests/test_phase1_cortex.py::TestDeterministicRNG::test_choice PASSED    [ 34%]
tests/test_phase1_cortex.py::TestDeterministicRNG::test_shuffle PASSED   [ 34%]
tests/test_phase1_cortex.py::TestDeterministicRNG::test_fork_creates_independent_rng PASSED [ 34%]
tests/test_phase1_cortex.py::TestDeterministicRNG::test_verification PASSED [ 34%]
tests/test_phase1_cortex.py::TestEnhancedEventBus::test_subscribe_and_publish PASSED [ 34%]
tests/test_phase1_cortex.py::TestEnhancedEventBus::test_unsubscribe PASSED [ 34%]
tests/test_phase1_cortex.py::TestEnhancedEventBus::test_priority_ordering PASSED [ 34%]
tests/test_phase1_cortex.py::TestEnhancedEventBus::test_once_handler PASSED [ 34%]
tests/test_phase1_cortex.py::TestEnhancedEventBus::test_global_handler PASSED [ 35%]
tests/test_phase1_cortex.py::TestEnhancedEventBus::test_event_history PASSED [ 35%]
tests/test_phase1_cortex.py::TestEnhancedEventBus::test_pause_and_resume PASSED [ 35%]
tests/test_phase1_cortex.py::TestEnhancedEventBus::test_async_handler PASSED [ 35%]
tests/test_phase1_cortex.py::TestPhase1Integration::test_tick_engine_with_rng PASSED [ 35%]
tests/test_phase1_cortex.py::TestPhase1Integration::test_tick_engine_with_event_bus PASSED [ 35%]
tests/test_phase2_genesis.py::TestBiometricProfile::test_default_values PASSED [ 35%]
tests/test_phase2_genesis.py::TestBiometricProfile::test_catch_radius_calculation PASSED [ 35%]
tests/test_phase2_genesis.py::TestBiometricProfile::test_explosion_factor PASSED [ 35%]
tests/test_phase2_genesis.py::TestBiometricProfile::test_endurance_factor PASSED [ 35%]
tests/test_phase2_genesis.py::TestBiometricProfile::test_cognitive_modifier PASSED [ 36%]
tests/test_phase2_genesis.py::TestBiometricProfile::test_serialization PASSED [ 36%]
tests/test_phase2_genesis.py::TestBiometricGeneration::test_generate_for_qb PASSED [ 36%]
tests/test_phase2_genesis.py::TestBiometricGeneration::test_generate_for_wr PASSED [ 36%]
tests/test_phase2_genesis.py::TestBiometricGeneration::test_talent_affects_output PASSED [ 36%]
tests/test_phase2_genesis.py::TestOODAState::test_total_loop_time PASSED [ 36%]
tests/test_phase2_genesis.py::TestOODAState::test_cognition_modifier PASSED [ 36%]
tests/test_phase2_genesis.py::TestVisionCone::test_target_in_front PASSED [ 36%]
tests/test_phase2_genesis.py::TestVisionCone::test_target_behind PASSED  [ 36%]
tests/test_phase2_genesis.py::TestCognitionEngine::test_decision_delay PASSED [ 36%]
tests/test_phase2_genesis.py::TestCognitionEngine::test_pressure_increases_delay PASSED [ 37%]
tests/test_phase2_genesis.py::TestCognitionEngine::test_read_progression PASSED [ 37%]
tests/test_phase2_genesis.py::TestCognitionEngine::test_stress_affects_state PASSED [ 37%]
tests/test_phase2_genesis.py::TestEnergyCompartment::test_consume_energy PASSED [ 37%]
tests/test_phase2_genesis.py::TestEnergyCompartment::test_consume_overflow PASSED [ 37%]
tests/test_phase2_genesis.py::TestEnergyCompartment::test_recovery PASSED [ 37%]
tests/test_phase2_genesis.py::TestFatigueEngine::test_sprint_depletes_atp PASSED [ 37%]
tests/test_phase2_genesis.py::TestFatigueEngine::test_rest_recovers_energy PASSED [ 37%]
tests/test_phase2_genesis.py::TestFatigueEngine::test_fatigue_modifiers PASSED [ 37%]
tests/test_phase2_genesis.py::TestFatigueEngine::test_huddle_recovery PASSED [ 37%]
tests/test_phase2_genesis.py::TestInjury::test_healing_progress PASSED   [ 37%]
tests/test_phase2_genesis.py::TestInjury::test_heal_week PASSED          [ 38%]
tests/test_phase2_genesis.py::TestChronicWear::test_re_injury_risk PASSED [ 38%]
tests/test_phase2_genesis.py::TestChronicWear::test_performance_modifier PASSED [ 38%]
tests/test_phase2_genesis.py::TestInjuryEngine::test_high_gforce_injury PASSED [ 38%]
tests/test_phase2_genesis.py::TestInjuryEngine::test_low_gforce_safe PASSED [ 38%]
tests/test_phase2_genesis.py::TestInjuryEngine::test_head_impact_tracking PASSED [ 38%]
tests/test_phase2_genesis.py::TestInjuryEngine::test_process_week_healing PASSED [ 38%]
tests/test_phase2_genesis.py::TestPhase2Integration::test_biometrics_affect_fatigue PASSED [ 38%]
tests/test_phase2_genesis.py::TestPhase2Integration::test_cognition_stress_from_pressure PASSED [ 38%]
tests/test_phase2_genesis.py::TestPhase2Integration::test_fatigue_increases_injury_risk PASSED [ 38%]
tests/test_phase3_position_physics.py::TestVector2::test_addition PASSED [ 39%]
tests/test_phase3_position_physics.py::TestVector2::test_subtraction PASSED [ 39%]
tests/test_phase3_position_physics.py::TestVector2::test_magnitude PASSED [ 39%]
tests/test_phase3_position_physics.py::TestVector2::test_normalized PASSED [ 39%]
tests/test_phase3_position_physics.py::TestVector2::test_distance_to PASSED [ 39%]
tests/test_phase3_position_physics.py::TestVector2::test_dot_product PASSED [ 39%]
tests/test_phase3_position_physics.py::TestVector3::test_cross_product PASSED [ 39%]
tests/test_phase3_position_physics.py::TestCommonPhysics::test_forty_to_yards_per_second PASSED [ 39%]
tests/test_phase3_position_physics.py::TestCommonPhysics::test_speed_rating_conversion PASSED [ 39%]
tests/test_phase3_position_physics.py::TestCommonPhysics::test_momentum_collision PASSED [ 39%]
tests/test_phase3_position_physics.py::TestCommonPhysics::test_g_force_calculation PASSED [ 40%]
tests/test_phase3_position_physics.py::TestQuarterbackPhysics::test_throw_trajectory_short PASSED [ 40%]
tests/test_phase3_position_physics.py::TestQuarterbackPhysics::test_throw_trajectory_deep PASSED [ 40%]
tests/test_phase3_position_physics.py::TestQuarterbackPhysics::test_pressure_increases_inaccuracy PASSED [ 40%]
tests/test_phase3_position_physics.py::TestQuarterbackPhysics::test_pocket_state_progression PASSED [ 40%]
tests/test_phase3_position_physics.py::TestQuarterbackPhysics::test_read_progression PASSED [ 40%]
tests/test_phase3_position_physics.py::TestRunningBackPhysics::test_tackle_resolution PASSED [ 40%]
tests/test_phase3_position_physics.py::TestRunningBackPhysics::test_arm_tackle_less_effective PASSED [ 40%]
tests/test_phase3_position_physics.py::TestRunningBackPhysics::test_cut_move PASSED [ 40%]
tests/test_phase3_position_physics.py::TestWideReceiverPhysics::test_separation_calculation PASSED [ 40%]
tests/test_phase3_position_physics.py::TestWideReceiverPhysics::test_catch_radius PASSED [ 41%]
tests/test_phase3_position_physics.py::TestWideReceiverPhysics::test_wide_open_catch PASSED [ 41%]
tests/test_phase3_position_physics.py::TestDefensiveBackPhysics::test_press_coverage PASSED [ 41%]
tests/test_phase3_position_physics.py::TestDefensiveBackPhysics::test_break_recognition_time PASSED [ 41%]
tests/test_phase3_position_physics.py::TestDefensiveBackPhysics::test_hip_flip PASSED [ 41%]
tests/test_phase3_position_physics.py::TestPassRushPhysics::test_move_selection PASSED [ 41%]
tests/test_phase3_position_physics.py::TestPassRushPhysics::test_rush_simulation PASSED [ 41%]
tests/test_phase3_position_physics.py::TestPassRushPhysics::test_sack_momentum PASSED [ 41%]
tests/test_phase3_position_physics.py::TestOffensiveLinePhysics::test_blocker_assignment PASSED [ 41%]
tests/test_phase3_position_physics.py::TestOffensiveLinePhysics::test_pocket_contour PASSED [ 41%]
tests/test_phase3_position_physics.py::TestOffensiveLinePhysics::test_pass_block_tick PASSED [ 42%]
tests/test_phase3_position_physics.py::TestPhase3Integration::test_qb_vs_pass_rush PASSED [ 42%]
tests/test_phase3_position_physics.py::TestPhase3Integration::test_wr_vs_cb_separation PASSED [ 42%]
tests/test_phase4_hive.py::TestTurfGrid::test_grid_initialization PASSED [ 42%]
tests/test_phase4_hive.py::TestTurfGrid::test_position_to_zone PASSED    [ 42%]
tests/test_phase4_hive.py::TestTurfGrid::test_zone_degradation PASSED    [ 42%]
tests/test_phase4_hive.py::TestTurfGrid::test_friction_calculation PASSED [ 42%]
tests/test_phase4_hive.py::TestTurfGrid::test_weather_affects_friction PASSED [ 42%]
tests/test_phase4_hive.py::TestTurfGrid::test_injury_modifier PASSED     [ 42%]
tests/test_phase4_hive.py::TestTurfGrid::test_weekly_recovery PASSED     [ 42%]
tests/test_phase4_hive.py::TestTurfGrid::test_condition_states PASSED    [ 43%]
tests/test_phase4_hive.py::TestTurfGrid::test_serialization PASSED       [ 43%]
tests/test_phase4_hive.py::TestEquipmentPhysics::test_grip_modifier_base PASSED [ 43%]
tests/test_phase4_hive.py::TestEquipmentPhysics::test_detachable_cleats_better_in_rain PASSED [ 43%]
tests/test_phase4_hive.py::TestEquipmentPhysics::test_agility_by_cut PASSED [ 43%]
tests/test_phase4_hive.py::TestEquipmentPhysics::test_ankle_injury_by_cut PASSED [ 43%]
tests/test_phase4_hive.py::TestEquipmentPhysics::test_catching_modifier PASSED [ 43%]
tests/test_phase4_hive.py::TestEquipmentPhysics::test_high_grip_wet_penalty PASSED [ 43%]
tests/test_phase4_hive.py::TestEquipmentPhysics::test_helmet_protection PASSED [ 43%]
tests/test_phase4_hive.py::TestEquipmentPhysics::test_recommend_loadout PASSED [ 43%]
tests/test_phase4_hive.py::TestWeatherPhysics::test_dome_no_effects PASSED [ 44%]
tests/test_phase4_hive.py::TestWeatherPhysics::test_headwind_reduces_distance PASSED [ 44%]
tests/test_phase4_hive.py::TestWeatherPhysics::test_tailwind_adds_distance PASSED [ 44%]
tests/test_phase4_hive.py::TestWeatherPhysics::test_crosswind_accuracy_penalty PASSED [ 44%]
tests/test_phase4_hive.py::TestWeatherPhysics::test_hot_weather_stamina PASSED [ 44%]
tests/test_phase4_hive.py::TestWeatherPhysics::test_cold_weather_stamina PASSED [ 44%]
tests/test_phase4_hive.py::TestWeatherPhysics::test_cramp_risk PASSED    [ 44%]
tests/test_phase4_hive.py::TestWeatherPhysics::test_rain_ball_handling PASSED [ 44%]
tests/test_phase4_hive.py::TestWeatherPhysics::test_visibility_in_snow PASSED [ 44%]
tests/test_phase4_hive.py::TestWeatherPhysics::test_combined_modifiers PASSED [ 44%]
tests/test_phase4_hive.py::TestHiveIntegration::test_weather_affects_turf PASSED [ 45%]
tests/test_phase4_hive.py::TestHiveIntegration::test_equipment_turf_interaction PASSED [ 45%]
tests/test_phase4_hive.py::TestHiveIntegration::test_full_environment_calculation PASSED [ 45%]
tests/test_phase5_empire.py::TestSalaryCapEngine::test_create_contract PASSED [ 45%]
tests/test_phase5_empire.py::TestSalaryCapEngine::test_signing_bonus_prorate PASSED [ 45%]
tests/test_phase5_empire.py::TestSalaryCapEngine::test_rookie_contract PASSED [ 45%]
tests/test_phase5_empire.py::TestSalaryCapEngine::test_back_loaded_contract PASSED [ 45%]
tests/test_phase5_empire.py::TestSalaryCapEngine::test_front_loaded_contract PASSED [ 45%]
tests/test_phase5_empire.py::TestSalaryCapEngine::test_dead_money_calculation PASSED [ 45%]
tests/test_phase5_empire.py::TestSalaryCapEngine::test_franchise_tag PASSED [ 45%]
tests/test_phase5_empire.py::TestSalaryCapEngine::test_cap_savings PASSED [ 46%]
tests/test_phase5_empire.py::TestSalaryCapEngine::test_restructure_contract PASSED [ 46%]
tests/test_phase5_empire.py::TestSalaryCapEngine::test_cap_projection PASSED [ 46%]
tests/test_phase5_empire.py::TestSalaryCapEngine::test_cap_summary PASSED [ 46%]
tests/test_phase5_empire.py::TestGMAI::test_philosophy_win_now PASSED    [ 46%]
tests/test_phase5_empire.py::TestGMAI::test_philosophy_rebuild PASSED    [ 46%]
tests/test_phase5_empire.py::TestGMAI::test_philosophy_develop PASSED    [ 46%]
tests/test_phase5_empire.py::TestGMAI::test_draft_pick_value PASSED      [ 46%]
tests/test_phase5_empire.py::TestGMAI::test_trade_evaluation_accept PASSED [ 46%]
tests/test_phase5_empire.py::TestGMAI::test_trade_evaluation_reject PASSED [ 46%]
tests/test_phase5_empire.py::TestGMAI::test_player_valuation PASSED      [ 47%]
tests/test_phase5_empire.py::TestGMAI::test_prospect_ranking PASSED      [ 47%]
tests/test_phase5_empire.py::TestGMAI::test_goap_action_execution PASSED [ 47%]
tests/test_phase5_empire.py::TestGMAI::test_goap_action_apply PASSED     [ 47%]
tests/test_phase5_empire.py::TestGMAI::test_generate_actions PASSED      [ 47%]
tests/test_phase5_empire.py::TestGMAI::test_get_recommendation PASSED    [ 47%]
tests/test_phase5_empire.py::TestEmpireIntegration::test_contract_and_cap_state PASSED [ 47%]
tests/test_phase5_empire.py::TestEmpireIntegration::test_gm_evaluates_contract_player PASSED [ 47%]
tests/test_phase6_society.py::TestSocialGraph::test_add_relationship PASSED [ 47%]
tests/test_phase6_society.py::TestSocialGraph::test_chemistry_score_neutral PASSED [ 47%]
tests/test_phase6_society.py::TestSocialGraph::test_chemistry_positive PASSED [ 48%]
tests/test_phase6_society.py::TestSocialGraph::test_chemistry_negative PASSED [ 48%]
tests/test_phase6_society.py::TestSocialGraph::test_clique_assignment PASSED [ 48%]
tests/test_phase6_society.py::TestSocialGraph::test_conflict_resolution PASSED [ 48%]
tests/test_phase6_society.py::TestNemesisEngine::test_create_rivalry PASSED [ 48%]
tests/test_phase6_society.py::TestNemesisEngine::test_escalation PASSED  [ 48%]
tests/test_phase6_society.py::TestNemesisEngine::test_matchup_heat PASSED [ 48%]
tests/test_phase6_society.py::TestNemesisEngine::test_revenge_bonus PASSED [ 48%]
tests/test_phase6_society.py::TestNemesisEngine::test_decay PASSED       [ 48%]
tests/test_phase6_society.py::TestMomentumEngine::test_initial_state PASSED [ 48%]
tests/test_phase6_society.py::TestMomentumEngine::test_positive_event PASSED [ 49%]
tests/test_phase6_society.py::TestMomentumEngine::test_negative_event PASSED [ 49%]
tests/test_phase6_society.py::TestMomentumEngine::test_heating_up PASSED [ 49%]
tests/test_phase6_society.py::TestMomentumEngine::test_performance_modifier PASSED [ 49%]
tests/test_phase6_society.py::TestMomentumEngine::test_timeout_icing PASSED [ 49%]
tests/test_phase6_society.py::TestSocietyIntegration::test_nemesis_affects_momentum PASSED [ 49%]
tests/test_phase7_training.py::TestTrainingCampEngine::test_process_day_gain PASSED [ 49%]
tests/test_phase7_training.py::TestTrainingCampEngine::test_process_rest_day PASSED [ 49%]
tests/test_phase7_training.py::TestTrainingCampEngine::test_intensity_scaling PASSED [ 49%]
tests/test_phase7_training.py::TestTrainingCampEngine::test_recommend_schedule PASSED [ 49%]
tests/test_phase7_training.py::TestProgressionEngine::test_calculate_threshold PASSED [ 50%]
tests/test_phase7_training.py::TestProgressionEngine::test_dev_trait_multiplier PASSED [ 50%]
tests/test_phase7_training.py::TestProgressionEngine::test_determine_phase PASSED [ 50%]
tests/test_phase7_training.py::TestProgressionEngine::test_apply_xp_level_up FAILED [ 50%]
tests/test_phase7_training.py::TestProgressionEngine::test_regression PASSED [ 50%]
tests/test_phase7_training.py::TestCoachingEngine::test_create_coach PASSED [ 50%]
tests/test_phase7_training.py::TestCoachingEngine::test_award_xp PASSED  [ 50%]
tests/test_phase7_training.py::TestCoachingEngine::test_purchase_skill PASSED [ 50%]
tests/test_phase7_training.py::TestCoachingEngine::test_purchase_fail_no_points PASSED [ 50%]
tests/test_phase7_training.py::TestCoachingEngine::test_staff_bonuses PASSED [ 50%]
tests/test_phase8_scouting.py::TestScoutingEngine::test_fog_of_war_tiers PASSED [ 50%]
tests/test_phase8_scouting.py::TestScoutingEngine::test_specialty_bonus PASSED [ 51%]
tests/test_phase8_scouting.py::TestScoutingEngine::test_format_display PASSED [ 51%]
tests/test_phase8_scouting.py::TestCombineSimulation::test_speed_conversion PASSED [ 51%]
tests/test_phase8_scouting.py::TestCombineSimulation::test_strength_bench FAILED [ 51%]
tests/test_phase8_scouting.py::TestDraftBoard::test_generate_board_needs PASSED [ 51%]
tests/test_phase8_scouting.py::TestDraftBoard::test_make_pick PASSED     [ 51%]
tests/test_phase9_playbook.py::TestPlaybook::test_generate_west_coast PASSED [ 51%]
tests/test_phase9_playbook.py::TestPlaybook::test_get_plays_by_situation PASSED [ 51%]
tests/test_phase9_playbook.py::TestPlayCallerAI::test_call_play_basic PASSED [ 51%]
tests/test_phase9_playbook.py::TestPlayCallerAI::test_trailing_prefers_pass PASSED [ 51%]
tests/test_phase9_playbook.py::TestDefensiveCoordinatorAI::test_call_defense_basic PASSED [ 52%]
tests/test_phase9_playbook.py::TestDefensiveCoordinatorAI::test_long_yardage_prevent PASSED [ 52%]
tests/test_phase9_playbook.py::TestDefensiveCoordinatorAI::test_blitz_on_third_long PASSED [ 52%]
tests/test_play_caller.py::test_normal_play_selection PASSED             [ 52%]
tests/test_play_caller.py::test_fourth_down_punt PASSED                  [ 52%]
tests/test_play_caller.py::test_fourth_down_field_goal PASSED            [ 52%]
tests/test_play_caller.py::test_desperation_mode PASSED                  [ 52%]
tests/test_play_caller.py::test_aggressive_coach_fourth_down PASSED      [ 52%]
tests/test_play_caller.py::test_conservative_coach_fourth_down PASSED    [ 52%]
tests/test_play_caller.py::test_advanced_coach_personality PASSED        [ 52%]
tests/test_play_caller.py::test_situational_awareness_system PASSED      [ 53%]
tests/test_play_caller.py::test_opponent_weakness_exploitation PASSED    [ 53%]
tests/test_play_caller.py::test_adaptive_strategy_system PASSED          [ 53%]
tests/test_playbook_familiarity.py::TestPlayFamiliarity::test_initial_values PASSED [ 53%]
tests/test_playbook_familiarity.py::TestPlayFamiliarity::test_success_rate_zero_executions PASSED [ 53%]
tests/test_playbook_familiarity.py::TestPlayFamiliarity::test_success_rate_calculation PASSED [ 53%]
tests/test_playbook_familiarity.py::TestPlayFamiliarity::test_tier_unknown PASSED [ 53%]
tests/test_playbook_familiarity.py::TestPlayFamiliarity::test_tier_mastery PASSED [ 53%]
tests/test_playbook_familiarity.py::TestPlaybookFamiliarity::test_execution_penalty_unknown_play PASSED [ 53%]
tests/test_playbook_familiarity.py::TestPlaybookFamiliarity::test_execution_penalty_mastered_play PASSED [ 53%]
tests/test_playbook_familiarity.py::TestPlaybookFamiliarity::test_execution_penalty_bounds PASSED [ 54%]
tests/test_playbook_familiarity.py::TestPlaybookFamiliarity::test_learn_play_increases_familiarity PASSED [ 54%]
tests/test_playbook_familiarity.py::TestPlaybookFamiliarity::test_learn_play_tracks_executions PASSED [ 54%]
tests/test_playbook_familiarity.py::TestPlaybookFamiliarity::test_learn_play_success_bonus PASSED [ 54%]
tests/test_playbook_familiarity.py::TestPlaybookFamiliarity::test_veteran_learns_faster PASSED [ 54%]
tests/test_playbook_familiarity.py::TestPlaybookFamiliarity::test_scheme_change_penalty PASSED [ 54%]
tests/test_playbook_familiarity.py::TestPlaybookFamiliarity::test_scheme_change_no_penalty_same_scheme PASSED [ 54%]
tests/test_playbook_familiarity.py::TestPlaybookFamiliarity::test_to_dict PASSED [ 54%]
tests/test_playbook_familiarity.py::TestFamiliarityManager::test_get_or_create_new PASSED [ 54%]
tests/test_playbook_familiarity.py::TestFamiliarityManager::test_get_or_create_existing PASSED [ 54%]
tests/test_playbook_familiarity.py::TestFamiliarityManager::test_team_execution_modifier PASSED [ 55%]
tests/test_playbook_familiarity.py::TestFamiliarityManager::test_apply_learning_batch PASSED [ 55%]
tests/test_playbook_familiarity.py::TestIntegrationScenarios::test_rookie_season_learning_curve PASSED [ 55%]
tests/test_playbook_familiarity.py::TestIntegrationScenarios::test_scheme_change_recovery PASSED [ 55%]
tests/test_player_development.py::test_player_development_service FAILED [ 55%]
tests/test_playoff_service.py::test_get_bracket PASSED                   [ 55%]
tests/test_playoff_service.py::test_advance_round_incomplete_round PASSED [ 55%]
tests/test_playoff_service.py::test_advance_round_wild_card_to_divisional PASSED [ 55%]
tests/test_playoff_service.py::test_advance_round_divisional_to_conference PASSED [ 55%]
tests/test_playoff_service.py::test_advance_round_conference_to_super_bowl PASSED [ 55%]
tests/test_playoff_service.py::test_matchup_creation_helper PASSED       [ 56%]
tests/test_probability_engine.py::test_compare_speed PASSED              [ 56%]
tests/test_probability_engine.py::test_compare_strength PASSED           [ 56%]
tests/test_probability_engine.py::test_calculate_success_chance PASSED   [ 56%]
tests/test_probability_engine.py::test_resolve_outcome PASSED            [ 56%]
tests/test_probability_engine.py::test_calculate_variable_outcome PASSED [ 56%]
tests/test_random_utils.py::test_deterministic_behavior PASSED           [ 56%]
tests/test_random_utils.py::test_different_seeds PASSED                  [ 56%]
tests/test_random_utils.py::test_randint PASSED                          [ 56%]
tests/test_random_utils.py::test_choice PASSED                           [ 56%]
tests/test_random_utils.py::test_shuffle PASSED                          [ 57%]
tests/test_random_utils.py::test_gauss PASSED                            [ 57%]
tests/test_rb_tribes.py::TestRBTribeClassification::test_feast_or_famine_classification PASSED [ 57%]
tests/test_rb_tribes.py::TestRBTribeClassification::test_blue_collar_classification PASSED [ 57%]
tests/test_rb_tribes.py::TestRBTribeClassification::test_cautious_carrier_classification PASSED [ 57%]
tests/test_rb_tribes.py::TestRBTribeClassification::test_standard_classification PASSED [ 57%]
tests/test_rb_tribes.py::TestRBTribeClassification::test_missing_attributes_handled PASSED [ 57%]
tests/test_rb_tribes.py::TestTribeProfiles::test_feast_or_famine_high_variance PASSED [ 57%]
tests/test_rb_tribes.py::TestTribeProfiles::test_blue_collar_low_variance PASSED [ 57%]
tests/test_rb_tribes.py::TestTribeProfiles::test_cautious_carrier_ball_security PASSED [ 57%]
tests/test_rb_tribes.py::TestGetTribeModifiers::test_returns_all_modifiers PASSED [ 58%]
tests/test_retirement.py::test_process_retirements_old_player FAILED     [ 58%]
tests/test_retirement.py::test_process_retirements_young_player FAILED   [ 58%]
tests/test_retirement.py::test_hall_of_fame_induction FAILED             [ 58%]
tests/test_rpg_layers_integration.py::TestTraitEvolutionService::test_gunslinger_trait_awarded_on_4_tds PASSED [ 58%]
tests/test_rpg_layers_integration.py::TestTraitEvolutionService::test_no_trait_if_below_threshold PASSED [ 58%]
tests/test_rpg_layers_integration.py::TestTraitEvolutionService::test_trait_not_awarded_twice PASSED [ 58%]
tests/test_rpg_layers_integration.py::TestTraitEvolutionService::test_remove_trait PASSED [ 58%]
tests/test_rpg_layers_integration.py::TestStorylineEventService::test_hot_streak_detection PASSED [ 58%]
tests/test_rpg_layers_integration.py::TestStorylineEventService::test_cold_streak_detection PASSED [ 58%]
tests/test_rpg_layers_integration.py::TestStorylineEventService::test_storyline_intensity_increases PASSED [ 59%]
tests/test_rpg_layers_integration.py::TestStorylineEventService::test_breakout_player_detection PASSED [ 59%]
tests/test_rpg_omniscient.py::test_rpg_omniscient PASSED                 [ 59%]
tests/test_salary_cap_service.py::test_get_team_cap_breakdown PASSED     [ 59%]
tests/test_salary_cap_service.py::test_get_team_cap_breakdown_team_not_found PASSED [ 59%]
tests/test_season_summary.py::test_get_season_summary_no_season PASSED   [ 59%]
tests/test_season_summary.py::test_get_season_summary_structure PASSED   [ 59%]
tests/test_season_summary.py::test_get_season_summary_playoffs PASSED    [ 59%]
tests/test_season_summary.py::test_season_summary_completion_percentage PASSED [ 59%]
tests/test_season_summary.py::test_season_summary_standings_format PASSED [ 59%]
tests/test_season_summary.py::test_season_summary_league_leaders_integration PASSED [ 60%]
tests/test_society_omniscient.py::test_society_omniscient PASSED         [ 60%]
tests/test_special_plays.py::TestSpecialPlays::test_tush_push_modifiers_short_yardage PASSED [ 60%]
tests/test_special_plays.py::TestSpecialPlays::test_tush_push_modifiers_long_yardage PASSED [ 60%]
tests/test_special_plays.py::TestSpecialPlays::test_flea_flicker_risk PASSED [ 60%]
tests/test_special_plays.py::TestSpecialPlays::test_generic_play_no_modifiers PASSED [ 60%]
tests/test_special_plays.py::TestSpecialPlays::test_tush_push_execution_success PASSED [ 60%]
tests/test_stats_service.py::test_get_league_leaders_passing PASSED      [ 60%]
tests/test_stats_service.py::test_get_league_leaders_passing_tds PASSED  [ 60%]
tests/test_stats_service.py::test_get_league_leaders_rushing PASSED      [ 60%]
tests/test_stats_service.py::test_get_league_leaders_receiving PASSED    [ 61%]
tests/test_stats_service.py::test_get_league_leaders_limit PASSED        [ 61%]
tests/test_stats_service.py::test_get_league_leaders_empty_results PASSED [ 61%]
tests/test_stats_service.py::test_get_league_leaders_multiple_games PASSED [ 61%]
tests/test_stats_service.py::test_get_league_leaders_different_seasons PASSED [ 61%]
tests/test_stats_service.py::test_invalid_stat_type PASSED               [ 61%]
tests/test_stats_service.py::test_get_league_leaders_all_stat_types PASSED [ 61%]
tests/test_trade_api.py::TestTradeEvaluateEndpoint::test_evaluate_trade_success PASSED [ 61%]
tests/test_trade_api.py::TestTradeEvaluateEndpoint::test_evaluate_trade_missing_target_team PASSED [ 61%]
tests/test_trade_api.py::TestTradeEvaluateEndpoint::test_evaluate_trade_empty_request PASSED [ 61%]
tests/test_trade_api.py::TestTradeEvaluateEndpoint::test_evaluate_trade_invalid_player_id PASSED [ 62%]
tests/test_trade_api.py::TestTradeEvaluateEndpoint::test_evaluate_trade_player_wrong_team PASSED [ 62%]
tests/test_trade_api.py::TestTradeOfferEndpoint::test_submit_offer_success PASSED [ 62%]
tests/test_trade_api.py::TestTradePendingEndpoint::test_get_pending_offers_stub PASSED [ 62%]
tests/test_training_drills.py::TestDrillCatalog::test_have_minimum_50_drills PASSED [ 62%]
tests/test_training_drills.py::TestDrillCatalog::test_drill_pydantic_model_validation PASSED [ 62%]
tests/test_training_drills.py::TestDrillCatalog::test_drill_injury_risk_bounds PASSED [ 62%]
tests/test_training_drills.py::TestDrillCatalog::test_qb_drills_exist PASSED [ 62%]
tests/test_training_drills.py::TestDrillCatalog::test_rb_drills_exist PASSED [ 62%]
tests/test_training_drills.py::TestDrillCatalog::test_wr_drills_exist PASSED [ 62%]
tests/test_training_drills.py::TestDrillCatalog::test_ol_drills_exist PASSED [ 62%]
tests/test_training_drills.py::TestDrillCatalog::test_dl_drills_exist PASSED [ 63%]
tests/test_training_drills.py::TestDrillCatalog::test_db_drills_exist PASSED [ 63%]
tests/test_training_drills.py::TestDrillCatalog::test_lb_drills_exist PASSED [ 63%]
tests/test_training_drills.py::TestDrillCatalog::test_st_drills_exist PASSED [ 63%]
tests/test_training_drills.py::TestDrillCatalog::test_position_drill_map_coverage PASSED [ 63%]
tests/test_training_drills.py::TestDrillCatalog::test_get_drills_for_position PASSED [ 63%]
tests/test_training_drills.py::TestDrillCatalog::test_get_drills_for_season PASSED [ 63%]
tests/test_training_drills.py::TestDrillCatalog::test_get_drills_by_category PASSED [ 63%]
tests/test_training_drills.py::TestCoachingPhilosophy::test_all_four_styles_exist PASSED [ 63%]
tests/test_training_drills.py::TestCoachingPhilosophy::test_volume_style_properties PASSED [ 63%]
tests/test_training_drills.py::TestCoachingPhilosophy::test_intensity_style_properties PASSED [ 64%]
tests/test_training_drills.py::TestCoachingPhilosophy::test_smart_style_properties PASSED [ 64%]
tests/test_training_drills.py::TestCoachingPhilosophy::test_old_school_style_properties PASSED [ 64%]
tests/test_training_drills.py::TestCoachingPhilosophy::test_get_coaching_style PASSED [ 64%]
tests/test_training_drills.py::TestCoachingPhilosophy::test_calculate_training_modifiers_young_player PASSED [ 64%]
tests/test_training_drills.py::TestCoachingPhilosophy::test_calculate_training_modifiers_veteran PASSED [ 64%]
tests/test_training_drills.py::TestCoachingPhilosophy::test_seasonal_intensity_cap PASSED [ 64%]
tests/test_training_drills.py::TestTrainingEngine::test_train_with_drill_basic PASSED [ 64%]
tests/test_training_drills.py::TestTrainingEngine::test_seasonal_periodization PASSED [ 64%]
tests/test_training_drills.py::TestTrainingEngine::test_weekly_load_management PASSED [ 64%]
tests/test_training_drills.py::TestTrainingEngine::test_injury_risk_increases_with_fatigue PASSED [ 65%]
tests/test_training_drills.py::TestTrainingEngine::test_xp_multiplier_from_drill PASSED [ 65%]
tests/test_training_drills.py::TestTrainingEngine::test_coaching_style_affects_training PASSED [ 65%]
tests/test_training_drills.py::TestTrainingEngine::test_recovery_with_coaching_style PASSED [ 65%]
tests/test_training_drills.py::TestTrainingEngine::test_training_recommendation PASSED [ 65%]
tests/test_trait_service.py::TestTraitCatalog::test_get_catalog_returns_dict PASSED [ 65%]
tests/test_trait_service.py::TestTraitCatalog::test_catalog_has_expected_traits PASSED [ 65%]
tests/test_trait_service.py::TestTraitCatalog::test_get_trait_definition_by_key PASSED [ 65%]
tests/test_trait_service.py::TestTraitCatalog::test_get_trait_by_name PASSED [ 65%]
tests/test_trait_service.py::TestTraitCatalog::test_unknown_trait_returns_none PASSED [ 65%]
tests/test_trait_service.py::TestTraitActivation::test_on_field_trait_always_activates PASSED [ 66%]
tests/test_trait_service.py::TestTraitActivation::test_clutch_trait_activates_in_clutch PASSED [ 66%]
tests/test_trait_service.py::TestTraitActivation::test_clutch_trait_inactive_outside_clutch PASSED [ 66%]
tests/test_trait_service.py::TestProbabilityEngineTraitIntegration::test_no_traits_returns_base_probability PASSED [ 66%]
tests/test_trait_service.py::TestProbabilityEngineTraitIntegration::test_trait_boost_increases_probability PASSED [ 66%]
tests/test_trait_service.py::TestProbabilityEngineTraitIntegration::test_pressure_immunity_adds_bonus PASSED [ 66%]
tests/test_trait_service.py::TestProbabilityEngineTraitIntegration::test_probability_capped_at_max PASSED [ 66%]
tests/test_trait_service.py::TestProbabilityEngineTraitIntegration::test_probability_floored_at_min PASSED [ 66%]
tests/test_trait_service.py::TestCrunchTimeDetection::test_4th_quarter_close_game_is_crunch_time PASSED [ 66%]
tests/test_trait_service.py::TestCrunchTimeDetection::test_overtime_is_crunch_time PASSED [ 66%]
tests/test_trait_service.py::TestCrunchTimeDetection::test_1st_quarter_is_not_crunch_time PASSED [ 67%]
tests/test_trait_service.py::TestCrunchTimeDetection::test_blowout_is_not_crunch_time PASSED [ 67%]
tests/test_use_based_progression.py::TestActionXPAwards::test_pass_completion_awards_xp PASSED [ 67%]
tests/test_use_based_progression.py::TestActionXPAwards::test_deep_pass_awards_more_xp PASSED [ 67%]
tests/test_use_based_progression.py::TestActionXPAwards::test_sack_awards_pass_rush_xp PASSED [ 67%]
tests/test_use_based_progression.py::TestActionXPAwards::test_interception_awards_coverage_xp PASSED [ 67%]
tests/test_use_based_progression.py::TestMultipliers::test_superstar_gets_1_5x_multiplier PASSED [ 67%]
tests/test_use_based_progression.py::TestMultipliers::test_young_player_learns_faster PASSED [ 67%]
tests/test_use_based_progression.py::TestMultipliers::test_prime_player_baseline PASSED [ 67%]
tests/test_use_based_progression.py::TestMultipliers::test_veteran_learns_slower PASSED [ 67%]
tests/test_use_based_progression.py::TestMultipliers::test_red_zone_context_bonus PASSED [ 68%]
tests/test_use_based_progression.py::TestMultipliers::test_goal_line_context_bonus PASSED [ 68%]
tests/test_use_based_progression.py::TestLevelUp::test_low_rating_levels_up_with_100_xp PASSED [ 68%]
tests/test_use_based_progression.py::TestLevelUp::test_mid_rating_needs_more_xp PASSED [ 68%]
tests/test_use_based_progression.py::TestLevelUp::test_high_rating_needs_much_more_xp PASSED [ 68%]
tests/test_use_based_progression.py::TestLevelUp::test_elite_rating_very_hard_to_improve PASSED [ 68%]
tests/test_use_based_progression.py::TestLevelUp::test_level_up_applies_when_threshold_reached PASSED [ 68%]
tests/test_use_based_progression.py::TestLevelUp::test_excess_xp_rolls_over PASSED [ 68%]
tests/test_use_based_progression.py::TestLevelUp::test_multiple_level_ups_at_once PASSED [ 68%]
tests/test_use_based_progression.py::TestLevelUp::test_cannot_exceed_99 PASSED [ 68%]
tests/test_use_based_progression.py::TestProgressionIntegration::test_full_game_progression_workflow PASSED [ 69%]
tests/test_weekly_wrapup_integration.py::TestNewsFeedService::test_process_sack_event PASSED [ 69%]
tests/test_weekly_wrapup_integration.py::TestNewsFeedService::test_process_touchdown_event PASSED [ 69%]
tests/test_weekly_wrapup_integration.py::TestNewsFeedService::test_get_news_filters_by_week PASSED [ 69%]
tests/test_weekly_wrapup_integration.py::TestWeeklyRecapService::test_generate_recap_creates_summary PASSED [ 69%]
tests/test_weekly_wrapup_integration.py::TestWeeklyRecapService::test_generate_recap_is_idempotent PASSED [ 69%]
tests/test_weekly_wrapup_integration.py::TestEventBusIntegration::test_eventbus_subscription PASSED [ 69%]
tests/test_xp_formulas.py::TestQBProgression::test_qb_elite_performance_xp PASSED [ 69%]
tests/test_xp_formulas.py::TestQBProgression::test_qb_turnover_penalty PASSED [ 69%]
tests/test_xp_formulas.py::TestQBProgression::test_qb_minimal_stats_gets_base_xp PASSED [ 69%]
tests/test_xp_formulas.py::TestRBProgression::test_rb_rushing_xp[100-1-170] PASSED [ 70%]
tests/test_xp_formulas.py::TestRBProgression::test_rb_rushing_xp[0-0-50] PASSED [ 70%]
tests/test_xp_formulas.py::TestRBProgression::test_rb_rushing_xp[200-2-290] PASSED [ 70%]
tests/test_xp_formulas.py::TestRBProgression::test_rb_receiving_bonus PASSED [ 70%]
tests/test_xp_formulas.py::TestRBProgression::test_rb_fumble_penalty PASSED [ 70%]
tests/test_xp_formulas.py::TestWRTEProgression::test_wr_te_reception_xp[WR] PASSED [ 70%]
tests/test_xp_formulas.py::TestWRTEProgression::test_wr_te_reception_xp[TE] PASSED [ 70%]
tests/test_xp_formulas.py::TestWRTEProgression::test_wr_drop_penalty PASSED [ 70%]
tests/test_xp_formulas.py::TestDefensiveProgression::test_lb_versatile_stats PASSED [ 70%]
tests/test_xp_formulas.py::TestDefensiveProgression::test_dl_sack_xp[DE] PASSED [ 70%]
tests/test_xp_formulas.py::TestDefensiveProgression::test_dl_sack_xp[DT] PASSED [ 71%]
tests/test_xp_formulas.py::TestDefensiveProgression::test_db_coverage_xp[CB] PASSED [ 71%]
tests/test_xp_formulas.py::TestDefensiveProgression::test_db_coverage_xp[S] PASSED [ 71%]
tests/test_xp_formulas.py::TestDefensiveProgression::test_cb_td_allowed_penalty PASSED [ 71%]
tests/test_xp_formulas.py::TestOLProgression::test_ol_blocking_xp[OT] PASSED [ 71%]
tests/test_xp_formulas.py::TestOLProgression::test_ol_blocking_xp[OG] PASSED [ 71%]
tests/test_xp_formulas.py::TestOLProgression::test_ol_blocking_xp[C] PASSED [ 71%]
tests/test_xp_formulas.py::TestOLProgression::test_ol_sack_allowed_penalty PASSED [ 71%]
tests/test_xp_formulas.py::TestSpecialTeamsProgression::test_kicker_base_xp_is_lower PASSED [ 71%]
tests/test_xp_formulas.py::TestSpecialTeamsProgression::test_kicker_field_goal_xp PASSED [ 71%]
tests/test_xp_formulas.py::TestSpecialTeamsProgression::test_kicker_miss_penalty PASSED [ 72%]
tests/test_xp_formulas.py::TestSpecialTeamsProgression::test_punter_base_xp_is_lower PASSED [ 72%]
tests/test_xp_formulas.py::TestSpecialTeamsProgression::test_punter_inside_20_xp PASSED [ 72%]
tests/test_xp_formulas.py::TestXPEdgeCases::test_xp_never_negative PASSED [ 72%]
tests/test_xp_formulas.py::TestXPEdgeCases::test_unknown_position_gets_base_xp PASSED [ 72%]
tests/test_xp_formulas.py::TestXPEdgeCases::test_xp_is_integer PASSED    [ 72%]
tests/unit/test_ability_service.py::TestAbilityService::test_get_catalog PASSED [ 72%]
tests/unit/test_ability_service.py::TestAbilityService::test_eligibility_level_requirement PASSED [ 72%]
tests/unit/test_ability_service.py::TestAbilityService::test_eligibility_position_requirement PASSED [ 72%]
tests/unit/test_ability_service.py::TestAbilityService::test_unlock_deducts_xp PASSED [ 72%]
tests/unit/test_ability_service.py::TestAbilityService::test_unlock_insufficient_xp_fails PASSED [ 73%]
tests/unit/test_ability_service.py::TestAbilityService::test_double_unlock_fails PASSED [ 73%]
tests/unit/test_ability_service.py::TestAbilityService::test_has_ability PASSED [ 73%]
tests/unit/test_ai_services.py::TestGeminiClient::test_singleton_pattern PASSED [ 73%]
tests/unit/test_ai_services.py::TestGeminiClient::test_not_available_without_api_key PASSED [ 73%]
tests/unit/test_ai_services.py::TestGeminiClient::test_generate_text_returns_none_without_client PASSED [ 73%]
tests/unit/test_ai_services.py::TestGeminiClient::test_generate_structured_returns_none_without_client PASSED [ 73%]
tests/unit/test_ai_services.py::TestScoutingAIService::test_generate_scouting_report_fallback PASSED [ 73%]
tests/unit/test_ai_services.py::TestScoutingAIService::test_generate_backstory_fallback PASSED [ 73%]
tests/unit/test_ai_services.py::TestScoutingAIService::test_report_caching PASSED [ 73%]
tests/unit/test_ai_services.py::TestScoutingAIService::test_report_cache_bypass PASSED [ 74%]
tests/unit/test_ai_services.py::TestScoutingAIService::test_backstory_caching PASSED [ 74%]
tests/unit/test_ai_services.py::TestScoutingAIService::test_clear_cache PASSED [ 74%]
tests/unit/test_ai_services.py::TestScoutingAIService::test_high_rated_player_gets_high_grade PASSED [ 74%]
tests/unit/test_ai_services.py::TestScoutingAIService::test_low_rated_player_gets_low_grade PASSED [ 74%]
tests/unit/test_ai_services.py::TestServiceSingleton::test_get_scouting_ai_service_singleton PASSED [ 74%]
tests/unit/test_app_factory.py::test_create_app_returns_fastapi_instance FAILED [ 74%]
tests/unit/test_app_factory.py::test_create_app_has_root_endpoint PASSED [ 74%]
tests/unit/test_app_factory.py::test_create_app_has_middleware PASSED    [ 74%]
tests/unit/test_app_factory.py::test_create_app_has_exception_handlers PASSED [ 74%]
tests/unit/test_app_factory.py::test_create_app_has_routes PASSED        [ 75%]
tests/unit/test_attribute_interaction.py::TestInteractionCatalog::test_catalog_is_populated PASSED [ 75%]
tests/unit/test_attribute_interaction.py::TestInteractionCatalog::test_all_interaction_types_covered PASSED [ 75%]
tests/unit/test_attribute_interaction.py::TestInteractionCatalog::test_key_interactions_exist PASSED [ 75%]
tests/unit/test_attribute_interaction.py::TestInteractionCatalog::test_interaction_definitions_complete PASSED [ 75%]
tests/unit/test_attribute_interaction.py::TestInteractionCatalog::test_narrative_templates_complete PASSED [ 75%]
tests/unit/test_attribute_interaction.py::TestOutcomeCalculations::test_dominant_win_large_differential PASSED [ 75%]
tests/unit/test_attribute_interaction.py::TestOutcomeCalculations::test_press_dominance_elite_cb PASSED [ 75%]
tests/unit/test_attribute_interaction.py::TestOutcomeCalculations::test_evenly_matched_neutral PASSED [ 75%]
tests/unit/test_attribute_interaction.py::TestOutcomeCalculations::test_differential_thresholds PASSED [ 75%]
tests/unit/test_attribute_interaction.py::TestSituationalModifiers::test_home_field_advantage PASSED [ 75%]
tests/unit/test_attribute_interaction.py::TestSituationalModifiers::test_weather_affects_release PASSED [ 76%]
tests/unit/test_attribute_interaction.py::TestSituationalModifiers::test_playoff_intensity PASSED [ 76%]
tests/unit/test_attribute_interaction.py::TestSituationalModifiers::test_multiple_modifiers_stack PASSED [ 76%]
tests/unit/test_attribute_interaction.py::TestExperienceModifiers::test_veteran_advantage PASSED [ 76%]
tests/unit/test_attribute_interaction.py::TestExperienceModifiers::test_experience_capped PASSED [ 76%]
tests/unit/test_attribute_interaction.py::TestNarrativeGeneration::test_narrative_includes_player_name PASSED [ 76%]
tests/unit/test_attribute_interaction.py::TestNarrativeGeneration::test_dominant_win_narrative_exciting PASSED [ 76%]
tests/unit/test_attribute_interaction.py::TestEffectCalculations::test_winner_gets_boost PASSED [ 76%]
tests/unit/test_attribute_interaction.py::TestEffectCalculations::test_loser_gets_penalty_on_loss PASSED [ 76%]
tests/unit/test_attribute_interaction.py::TestEffectCalculations::test_neutral_no_effects PASSED [ 76%]
tests/unit/test_attribute_interaction.py::TestEffectCalculations::test_effects_capped PASSED [ 77%]
tests/unit/test_attribute_interaction.py::TestRandomVariance::test_variance_applied_with_rng PASSED [ 77%]
tests/unit/test_attribute_interaction.py::TestRandomVariance::test_no_variance_without_rng PASSED [ 77%]
tests/unit/test_attribute_interaction.py::TestBatchProcessing::test_batch_calculate_multiple PASSED [ 77%]
tests/unit/test_attribute_interaction.py::TestBatchProcessing::test_batch_shares_context PASSED [ 77%]
tests/unit/test_attribute_interaction.py::TestUtilityMethods::test_get_all_interactions PASSED [ 77%]
tests/unit/test_attribute_interaction.py::TestUtilityMethods::test_get_interactions_for_pass_play PASSED [ 77%]
tests/unit/test_attribute_interaction.py::TestUtilityMethods::test_get_interactions_for_run_play PASSED [ 77%]
tests/unit/test_attribute_interaction.py::TestUtilityMethods::test_unknown_interaction_neutral PASSED [ 77%]
tests/unit/test_attribute_interaction.py::TestPlayIntegration::test_apply_to_play_aggregates PASSED [ 77%]
tests/unit/test_attribute_interaction.py::TestPlayIntegration::test_dominant_events_captured PASSED [ 78%]
tests/unit/test_attribute_interaction.py::TestResultSerialization::test_to_dict PASSED [ 78%]
tests/unit/test_attribute_interaction.py::TestResultSerialization::test_to_dict_values_rounded PASSED [ 78%]
tests/unit/test_audible_master.py::TestAudibleMaster::test_audible_master_reduces_clock_cost PASSED [ 78%]
tests/unit/test_audible_master.py::TestAudibleMaster::test_audible_standard_clock_cost PASSED [ 78%]
tests/unit/test_audible_master.py::TestAudibleMaster::test_audible_master_prevents_false_start PASSED [ 78%]
tests/unit/test_audible_master.py::TestAudibleMaster::test_standard_audible_has_false_start_risk PASSED [ 78%]
tests/unit/test_audible_master.py::TestAudibleMaster::test_standard_audible_success PASSED [ 78%]
tests/unit/test_chemistry_service.py::test_hash_generation PASSED        [ 78%]
tests/unit/test_clock_management.py::TestClockManagementAI::test_hurry_up_detection PASSED [ 78%]
tests/unit/test_clock_management.py::TestClockManagementAI::test_spike_decision PASSED [ 79%]
tests/unit/test_clock_management.py::TestClockManagementAI::test_strategy_selection PASSED [ 79%]
tests/unit/test_clock_management.py::TestClockManagementAI::test_urgency_level_critical PASSED [ 79%]
tests/unit/test_clock_management.py::TestClockManagementAI::test_urgency_level_high PASSED [ 79%]
tests/unit/test_clock_management.py::TestClockManagementAI::test_urgency_level_low_when_winning PASSED [ 79%]
tests/unit/test_clock_management.py::TestClockManagementAI::test_two_minute_drill_context PASSED [ 79%]
tests/unit/test_clock_management.py::TestClockManagementAI::test_play_adjustments_critical PASSED [ 79%]
tests/unit/test_clock_management.py::TestClockManagementAI::test_play_adjustments_normal PASSED [ 79%]
tests/unit/test_coach_hierarchy.py::TestCoachTierSystem::test_tier_calculation_legend PASSED [ 79%]
tests/unit/test_coach_hierarchy.py::TestCoachTierSystem::test_tier_calculation_elite PASSED [ 79%]
tests/unit/test_coach_hierarchy.py::TestCoachTierSystem::test_tier_calculation_veteran PASSED [ 80%]
tests/unit/test_coach_hierarchy.py::TestCoachTierSystem::test_tier_calculation_developing PASSED [ 80%]
tests/unit/test_coach_hierarchy.py::TestCoachTierSystem::test_tier_calculation_rookie PASSED [ 80%]
tests/unit/test_coach_hierarchy.py::TestCoachTierSystem::test_tier_multipliers PASSED [ 80%]
tests/unit/test_coach_hierarchy.py::TestSchemeExpertise::test_west_coast_qb_bonus PASSED [ 80%]
tests/unit/test_coach_hierarchy.py::TestSchemeExpertise::test_west_coast_wr_bonus PASSED [ 80%]
tests/unit/test_coach_hierarchy.py::TestSchemeExpertise::test_power_run_rb_bonus PASSED [ 80%]
tests/unit/test_coach_hierarchy.py::TestSchemeExpertise::test_four_three_de_bonus PASSED [ 80%]
tests/unit/test_coach_hierarchy.py::TestSchemeExpertise::test_no_scheme_match PASSED [ 80%]
tests/unit/test_coach_hierarchy.py::TestSchemeExpertise::test_unknown_scheme PASSED [ 80%]
tests/unit/test_coach_hierarchy.py::TestArchetypes::test_qb_guru_qb_bonus PASSED [ 81%]
tests/unit/test_coach_hierarchy.py::TestArchetypes::test_qb_guru_wr_secondary PASSED [ 81%]
tests/unit/test_coach_hierarchy.py::TestArchetypes::test_ol_master_bonus PASSED [ 81%]
tests/unit/test_coach_hierarchy.py::TestArchetypes::test_generalist_no_bonus PASSED [ 81%]
tests/unit/test_coach_hierarchy.py::TestDevelopmentCalculation::test_legend_qb_guru_west_coast_qb PASSED [ 81%]
tests/unit/test_coach_hierarchy.py::TestDevelopmentCalculation::test_rookie_generalist PASSED [ 81%]
tests/unit/test_coach_hierarchy.py::TestDevelopmentCalculation::test_elite_with_scheme_match PASSED [ 81%]
tests/unit/test_coach_hierarchy.py::TestDevelopmentCalculation::test_position_summary PASSED [ 81%]
tests/unit/test_coaching_ai.py::TestCoachingAIService::test_get_adjusted_aggression_trailing PASSED [ 81%]
tests/unit/test_coaching_ai.py::TestCoachingAIService::test_get_adjusted_aggression_leading_late PASSED [ 81%]
tests/unit/test_coaching_ai.py::TestCoachingAIService::test_should_go_for_it_4th_down_aggressive PASSED [ 82%]
tests/unit/test_coaching_ai.py::TestCoachingAIService::test_should_go_for_it_4th_long_conservative PASSED [ 82%]
tests/unit/test_coaching_ai.py::TestCoachingAIService::test_should_call_timeout_offense PASSED [ 82%]
tests/unit/test_coaching_ai.py::TestCoachingAIService::test_should_call_timeout_defense_winning PASSED [ 82%]
tests/unit/test_coaching_personality.py::TestPersonalityProfiles::test_conservative_low_aggression PASSED [ 82%]
tests/unit/test_coaching_personality.py::TestPersonalityProfiles::test_gambler_high_aggression PASSED [ 82%]
tests/unit/test_coaching_personality.py::TestPersonalityProfiles::test_balanced_middle_ground PASSED [ 82%]
tests/unit/test_coaching_personality.py::TestSituationalModifiers::test_home_field_boost PASSED [ 82%]
tests/unit/test_coaching_personality.py::TestSituationalModifiers::test_trailing_big_increases_aggression PASSED [ 82%]
[...]
app/orchestrator/state_machine.py                     93     44    53%   89-92, 106-130, 134-135, 139-144, 148, 152-154, 158-160, 164-166, 174, 185-211
app/rpg/__init__.py                                    6      0   100%
app/rpg/abilities.py                                  40      7    82%   38, 166-169, 174, 195
app/rpg/coach.py                                       7      3    57%   25-28
app/rpg/gm.py                                          9      5    44%   18-24
app/rpg/injury_system.py                             260     54    79%   40-42, 100, 122, 129, 196-201, 215-249, 259-261, 274-290, 326, 461, 568, 620-621, 635-652
app/rpg/narrative.py                                  10      5    50%   31-37
app/rpg/player_archetypes.py                          84     84     0%   18-409
app/rpg/progression.py                                74      9    88%   119-120, 127-136
app/rpg/traits.py                                      9      3    67%   41, 49-54
app/schemas/__init__.py                                2      0   100%
app/schemas/coach.py                                  22     22     0%   1-26
app/schemas/draft.py                                  72      0   100%
app/schemas/errors.py                                 12      0   100%
app/schemas/expanded_stats.py                        240      0   100%
app/schemas/feedback.py                               53      0   100%
app/schemas/offseason.py                              43      0   100%
app/schemas/pagination.py                             16      2    88%   27-28
app/schemas/play.py                                   25      0   100%
app/schemas/player.py                                 63     63     0%   1-85
app/schemas/playoff.py                                27      0   100%
app/schemas/scouting.py                               42      0   100%
app/schemas/simulation.py                              6      0   100%
app/schemas/stadium.py                                19     19     0%   1-23
app/schemas/stats.py                                  17      0   100%
app/schemas/team.py                                   25      0   100%
app/schemas/trade.py                                  86      0   100%
app/schemas/trait.py                                  28      0   100%
app/schemas/weather.py                                11      0   100%
app/services/__init__.py                               7      0   100%
app/services/ability_service.py                       89     38    57%   46, 51, 67-80, 95, 123, 137, 141, 163-166, 181, 206-236
app/services/age_curves.py                            36     29    19%   39-58, 76-90, 98-109, 116-127
app/services/agent_generator.py                       56     30    46%   44, 48, 52-62, 66-126, 143-183
app/services/ai/__init__.py                            2      0   100%
app/services/ai/gemini_client.py                      83     44    47%   65-85, 90, 112-127, 153-177, 198-219
app/services/ai/scouting_ai.py                        96     18    81%   80-89, 117-118, 123, 168-186, 211-213, 222, 280-288
app/services/ai_research_service.py                   38     14    63%   133-150, 163-175
app/services/artifact_generator.py                    72     37    49%   57-92, 99-132, 145, 149, 161-175, 181-182
app/services/broadcasting_service.py                 109    109     0%   13-320
app/services/chemistry_service.py                     72     49    32%   41-75, 82-103, 110-140, 155-185
app/services/coaching_personality.py                  69      6    91%   192-193, 201-204, 266
app/services/crowd_noise.py                           83     83     0%   12-203
app/services/data_sync_service.py                    160    160     0%   21-407
app/services/database/__init__.py                      3      0   100%
app/services/database/migrations.py                   54      9    83%   70-72, 78-83, 95
app/services/database/optimizer.py                    69      9    87%   87-91, 136-144
app/services/depth_chart_service.py                  151     60    60%   67-71, 75-79, 83-87, 91-95, 130-140, 144-154, 158-168, 217-221, 229-232
app/services/draft_assistant.py                      158    134    15%   67, 81-184, 204-247, 254-263, 277-292, 302-340, 350-403, 420-429
app/services/elo_service.py                           50      9    82%   148-167
app/services/empire/__init__.py                        3      0   100%
app/services/empire/gm_ai.py                         180     15    92%   82, 195, 216, 256, 277-280, 287, 353, 377, 386-389, 407
app/services/empire/salary_cap.py                    173     25    86%   98, 111-113, 135, 140-141, 146, 296-298, 300-302, 337, 355, 375, 417-428
app/services/enhanced_chemistry_service.py           128     22    83%   68-75, 198, 238, 282, 305, 386-412
app/services/equipment.py                             54     54     0%   9-186
app/services/gm_agent.py                             191     34    82%   102-103, 123-127, 139-141, 153, 221, 230-231, 260, 275, 283, 290, 293, 308, 329-346, 381-382, 385-387
app/services/issue_logger.py                          55      8    85%   98-100, 120-125
app/services/medical_service.py                       49     39    20%   8, 12-15, 21-46, 50-60, 66-81
app/services/news_feed_service.py                     48      4    92%   16, 22-24
app/services/nflverse_service.py                     170     56    67%   15-16, 94, 114, 130, 138-140, 150, 158-160, 169-180, 190, 198-200, 210, 218-220, 232-251, 268, 282-283, 288-295, 318-319, 329-330, 354
app/services/offseason_service.py                    269    172    36%   40-52, 61-165, 187-195, 217-226, 245-250, 254-274, 278-284, 303-320, 324-330, 336, 344-376, 380-387, 401-405, 428, 440, 446-476, 481-494, 498-510
app/services/playbook/__init__.py                      4      0   100%
app/services/playbook/clock_management.py            147     35    76%   94, 102, 119-125, 130, 134, 144-147, 185-191, 229-231, 233-235, 240-243, 274-278, 280-281
app/services/playbook/coaching_ai.py                  70     20    71%   47, 64, 66, 104-137, 145, 149, 163-164
app/services/playbook/defensive_ai.py                 56      2    96%   133, 146
app/services/playbook/familiarity.py                 121      7    94%   81, 83, 85, 212-213, 252, 312
app/services/playbook/gameplan_service.py             33     25    24%   7, 18-30, 37-52, 58-67
app/services/playbook/play_caller.py                  76     14    82%   44, 68, 89, 94, 107, 109, 122-123, 128-129, 132-133, 149, 154
app/services/playbook/playbook.py                     89      7    92%   75, 184-205
app/services/playbook/types.py                        26      0   100%
app/services/player_development_service.py           107     81    24%   20-22, 29-42, 52-59, 64-102, 112-126, 129-142, 146-147, 152-171, 178-182, 188
app/services/playoff_service.py                      149     90    40%   47-70, 89-126, 146-153, 174-184, 235, 241, 249-259, 293-295, 315-346, 360-376, 389-408, 421-429
app/services/pre_game_service.py                     129     64    50%   31, 37, 48, 121-194, 201-212, 216-247
app/services/rating_calculator.py                     39     39     0%   12-346
app/services/ratings_generator.py                    237    140    41%   42, 44, 54, 56, 109-134, 177-198, 208-234, 259-263, 276, 278, 292-295, 299-302, 320-340, 350-376, 399-422, 438-469
app/services/rookie_generator.py                      57      7    88%   37-41, 84-85
app/services/salary_cap_service.py                    34      1    97%   65
app/services/schedule_generator.py                   132    112    15%   27-28, 49-70, 82-88, 102-110, 124-140, 161-191, 216-247, 268-352, 361-366
app/services/scouting/__init__.py                      4      0   100%
app/services/scouting/combine.py                      94      1    99%   233
app/services/scouting/draft_board.py                  35      1    97%   85
app/services/scouting/scout.py                       130     38    71%   140-171, 182, 192-194, 200, 202, 204, 207-208, 212-216
app/services/scouting/scouting_service.py             40     27    32%   31-32, 36, 46-67, 74-121, 124-127
app/services/society/__init__.py                       4      0   100%
app/services/society/momentum.py                      69      4    94%   125-126, 155-156
app/services/society/nemesis.py                       68      2    97%   108, 157
app/services/society/social_graph.py                 113      7    94%   162, 179-180, 186, 190, 192, 216
app/services/stadium/__init__.py                       3      0   100%
app/services/stadium/crowd.py                         67      6    91%   57, 86, 88, 97, 106, 111
app/services/stadium/stadium.py                       76      6    92%   109, 123-128
app/services/standings_calculator.py                 184     35    81%   122-128, 133-134, 141-146, 153-158, 203-213, 310, 317, 321, 324, 327, 330, 336-337, 344-345
app/services/stats_service.py                         22      0   100%
app/services/storyline_service.py                     84     14    83%   46, 131, 164-168, 173-198
app/services/training/__init__.py                      4      0   100%
app/services/training/camp.py                         76      3    96%   187-188, 223
app/services/training/coach_expertise.py              45      2    96%   117, 154
app/services/training/coaching_philosophy.py          46      0   100%
app/services/training/coaching_tree.py                77      2    97%   151, 159
app/services/training/drills.py                       44      0   100%
app/services/training/progression.py                  90     14    84%   118-131, 170-171, 205, 216, 233-235
app/services/training/training_programs.py           110     63    43%   186, 190-194, 227-289, 309-330, 334-340, 344-353, 357-363, 383-406
app/services/trait_acquisition_service.py             52     52     0%   1-127
app/services/trait_evolution_service.py               91     26    71%   125, 136-138, 150-152, 158-181, 245, 253
app/services/trait_service.py                        164     66    60%   620, 629, 638-663, 673-739, 751, 758-763, 773-789, 807, 824, 828-831, 877, 906-925
app/services/use_based_progression.py                132      5    96%   318-319, 343-344, 385
app/services/validation/__init__.py                    3      0   100%
app/services/validation/calibrator.py                 53      3    94%   74, 76, 106
app/services/validation/statistical_validator.py      63     63     0%   8-199
app/services/validation/stats_validator.py            52      1    98%   104
app/services/weather_service.py                       36     10    72%   61-62, 65-66, 69-70, 73, 78-80
app/services/week_simulator.py                       127    108    15%   27-28, 32-53, 57-70, 92-175, 185-236, 255-272, 292-312
app/services/weekly_recap_service.py                  43      0   100%
--------------------------------------------------------------------------------
TOTAL                                              19690   6506    67%
Coverage HTML written to dir htmlcov
=========================== short test summary info ============================
FAILED tests/integration/test_attribute_interaction_gameplay.py::TestAttributeInteractionIntegration::test_pass_play_applies_interactions
FAILED tests/integration/test_attribute_interaction_gameplay.py::TestAttributeInteractionIntegration::test_interaction_narratives_in_descriptions
FAILED tests/integration/test_attribute_interaction_gameplay.py::TestAttributeInteractionIntegration::test_interactions_affect_success_probability
FAILED tests/integration/test_attribute_interaction_gameplay.py::TestAttributeInteractionIntegration::test_weather_context_affects_interactions
FAILED tests/integration/test_draft_assistant.py::test_suggest_pick_endpoint
FAILED tests/integration/test_draft_assistant.py::test_suggest_pick_mcp_integration
FAILED tests/integration/test_draft_suggestion_api.py::test_draft_suggest_pick_endpoint
FAILED tests/integration/test_draft_suggestion_api.py::test_draft_assistant_roster_gap_analysis
FAILED tests/integration/test_draft_suggestion_api.py::test_draft_value_score_calculation
FAILED tests/integration/test_draft_suggestion_api.py::test_draft_assistant_error_handling
FAILED tests/integration/test_draft_suggestion_api.py::test_alternative_picks_quality
FAILED tests/integration/test_environmental_effects_integration.py::TestEnvironmentalEffects::test_rain_reduces_passing_accuracy
FAILED tests/integration/test_environmental_effects_integration.py::TestEnvironmentalEffects::test_high_wind_affects_passing
FAILED tests/integration/test_environmental_effects_integration.py::TestEnvironmentalEffects::test_muddy_field_increases_fumbles_more
FAILED tests/integration/test_environmental_effects_integration.py::TestEnvironmentalEffects::test_weather_integration_in_pass_play
FAILED tests/integration/test_environmental_effects_integration.py::TestEnvironmentalEffects::test_weather_integration_in_run_play
FAILED tests/integration/test_mcp_health.py::test_mcp_server_health - Asserti...
FAILED tests/integration/test_ol_chemistry_integration.py::test_ol_chemistry_bonus_after_5_games
FAILED tests/integration/test_ol_chemistry_integration.py::test_chemistry_resets_when_lineup_changes
FAILED tests/integration/test_ol_chemistry_integration.py::test_no_chemistry_with_less_than_5_games
FAILED tests/integration/test_orchestrator_integration.py::test_orchestrator_integration_flow
FAILED tests/integration/test_orchestrator_match_context.py::test_full_game_simulation_with_fatigue_mocked
FAILED tests/integration/test_player_decomposition.py::test_player_decomposition_integration
FAILED tests/integration/test_qb_pocket_presence_integration.py::test_qb_pocket_presence_reduces_sacks
FAILED tests/integration/test_trade_evaluation.py::test_evaluate_trade_endpoint
FAILED tests/integration/test_trade_evaluation.py::test_evaluate_trade_mcp_integration
FAILED tests/integration/test_trait_gameplay.py::test_possession_receiver_bonus
FAILED tests/integration/test_trait_gameplay.py::test_multiple_traits_on_player
FAILED tests/integration/test_trait_gameplay_integration.py::TestTraitGameplayIntegration::test_possession_receiver_contested_catch_bonus
FAILED tests/integration/test_trait_gameplay_integration.py::TestTraitGameplayIntegration::test_trait_catalog_completeness
FAILED tests/integration/test_traits.py::test_create_and_assign_trait - TypeE...
FAILED tests/test_advanced_simulation_features.py::test_advanced_coach_personality_system
FAILED tests/test_advanced_simulation_features.py::test_situational_awareness_with_environmental_factors
FAILED tests/test_advanced_simulation_features.py::test_advanced_play_resolution_with_statistical_realism
FAILED tests/test_advanced_simulation_features.py::test_multi_season_progression_system
FAILED tests/test_advanced_simulation_features.py::test_social_interaction_features
FAILED tests/test_advanced_simulation_features.py::test_broadcast_quality_presentation
FAILED tests/test_advanced_simulation_features.py::test_adaptive_challenge_system
FAILED tests/test_advanced_simulation_features.py::test_legacy_achievement_system
FAILED tests/test_api_endpoints.py::test_initialize_season - assert 500 == 200
FAILED tests/test_comprehensive_feature_expansion.py::TestAdvancedRosterManagement::test_player_development_system
FAILED tests/test_comprehensive_feature_expansion.py::TestAdvancedRosterManagement::test_scouting_and_draft_system
FAILED tests/test_comprehensive_feature_expansion.py::TestRealisticPlayByPlay::test_advanced_play_calling_ai
FAILED tests/test_comprehensive_feature_expansion.py::TestRealisticPlayByPlay::test_dynamic_game_planning
FAILED tests/test_comprehensive_feature_expansion.py::TestLiveEnvironmentalEffects::test_advanced_weather_system
FAILED tests/test_comprehensive_feature_expansion.py::TestLiveEnvironmentalEffects::test_crowd_momentum_system
FAILED tests/test_comprehensive_feature_expansion.py::TestStatisticalRealism::test_historical_context_engine
FAILED tests/test_comprehensive_feature_expansion.py::TestStatisticalRealism::test_advanced_analytics_system
FAILED tests/test_comprehensive_feature_expansion.py::TestFranchiseLongevity::test_multi_season_progression
FAILED tests/test_comprehensive_feature_expansion.py::TestFranchiseLongevity::test_contract_management_system
FAILED tests/test_comprehensive_feature_expansion.py::TestSocialInteraction::test_media_narrative_system
FAILED tests/test_comprehensive_feature_expansion.py::TestSocialInteraction::test_fan_engagement_system
FAILED tests/test_comprehensive_feature_expansion.py::TestImmersivePresentation::test_broadcast_visualization_system
FAILED tests/test_comprehensive_feature_expansion.py::TestImmersivePresentation::test_interactive_storytelling_engine
FAILED tests/test_comprehensive_feature_expansion.py::TestCompleteSystemIntegration::test_full_feature_integration
FAILED tests/test_depth_chart.py::test_get_special_teams - AssertionError: as...
FAILED tests/test_draft_api.py::test_suggest_draft_pick_success - sqlalchemy....
FAILED tests/test_draft_api.py::test_suggest_draft_pick_no_players - assert 5...
FAILED tests/test_draft_assistant.py::test_suggest_pick_no_players - Attribut...
FAILED tests/test_draft_assistant.py::test_suggest_pick_success - AttributeEr...
FAILED tests/test_draft_assistant.py::test_suggest_pick_with_mcp - AttributeE...
FAILED tests/test_draft_logic.py::test_draft_logic_needs - AttributeError: Ne...
FAILED tests/test_draft_logic.py::test_draft_logic_bpa - AttributeError: Neit...
FAILED tests/test_engines.py::test_blocking - TypeError: BlockingEngine.resol...
FAILED tests/test_engines.py::test_special_teams - TypeError: SpecialTeamsEng...
FAILED tests/test_expanded_stats.py::TestQuarterbackStat::test_qb_stat_validation
FAILED tests/test_expanded_stats.py::TestRunningBackStat::test_rb_stat_validation
FAILED tests/test_expanded_stats.py::TestLeagueLeaders::test_league_leaders_creation
FAILED tests/test_match_context_integration.py::test_match_context_integration
FAILED tests/test_match_context_unit.py::test_match_context_initialization - ...
FAILED tests/test_match_context_unit.py::test_get_fielded_players - TypeError...
FAILED tests/test_match_context_unit.py::test_load_roster_error - TypeError: ...
FAILED tests/test_models.py::test_create_player - sqlalchemy.exc.IntegrityErr...
FAILED tests/test_offseason_service.py::test_simulate_draft_fills_all_picks
FAILED tests/test_offseason_service.py::test_simulate_draft_respects_team_needs
FAILED tests/test_offseason_service.py::test_start_offseason_executes_all_steps
FAILED tests/test_phase7_training.py::TestProgressionEngine::test_apply_xp_level_up
FAILED tests/test_phase8_scouting.py::TestCombineSimulation::test_strength_bench
FAILED tests/test_player_development.py::test_player_development_service - sq...
FAILED tests/test_retirement.py::test_process_retirements_old_player - Attrib...
FAILED tests/test_retirement.py::test_process_retirements_young_player - Attr...
FAILED tests/test_retirement.py::test_hall_of_fame_induction - AttributeError...
FAILED tests/unit/test_app_factory.py::test_create_app_returns_fastapi_instance
FAILED tests/unit/test_game_state_manager.py::TestGameStateManager::test_is_game_over
ERROR tests/test_benchmarks.py::TestPlayResolutionBenchmarks::test_pass_play_resolution
ERROR tests/test_benchmarks.py::TestPlayResolutionBenchmarks::test_run_play_resolution
ERROR tests/test_benchmarks.py::TestProbabilityEngineBenchmarks::test_attribute_comparison
ERROR tests/test_benchmarks.py::TestProbabilityEngineBenchmarks::test_tiered_outcome_resolution
ERROR tests/test_benchmarks.py::TestPlayCallerBenchmarks::test_play_selection
ERROR tests/test_benchmarks.py::TestSeasonSimulationBenchmarks::test_single_game_simulation
====== 84 failed, 918 passed, 115 warnings, 6 errors in 119.67s (0:01:59) ======
